2018-05-25 10:41:56.345 [restartedMain] INFO  com.dlw.study.MqProducerApplication - Starting MqProducerApplication on USERCHI-3VFQH17 with PID 13384 (E:\ideawork\spring4all\springboot-rocketmq\mq-producer-server\target\classes started by Administrator in E:\ideawork\spring4all)
2018-05-25 10:41:56.347 [restartedMain] INFO  com.dlw.study.MqProducerApplication - No active profile set, falling back to default profiles: default
2018-05-25 10:41:56.438 [restartedMain] INFO  o.s.b.c.e.AnnotationConfigEmbeddedWebApplicationContext - Refreshing org.springframework.boot.context.embedded.AnnotationConfigEmbeddedWebApplicationContext@5c9d7767: startup date [Fri May 25 10:41:56 CST 2018]; root of context hierarchy
2018-05-25 10:41:56.687 [background-preinit] INFO  org.hibernate.validator.internal.util.Version - HV000001: Hibernate Validator 5.3.5.Final
2018-05-25 10:41:59.607 [restartedMain] INFO  o.s.b.c.e.tomcat.TomcatEmbeddedServletContainer - Tomcat initialized with port(s): 8090 (http)
2018-05-25 10:41:59.623 [restartedMain] INFO  org.apache.catalina.core.StandardService - Starting service [Tomcat]
2018-05-25 10:41:59.625 [restartedMain] INFO  org.apache.catalina.core.StandardEngine - Starting Servlet Engine: Apache Tomcat/8.5.15
2018-05-25 10:41:59.759 [localhost-startStop-1] INFO  o.a.c.core.ContainerBase.[Tomcat].[localhost].[/] - Initializing Spring embedded WebApplicationContext
2018-05-25 10:41:59.759 [localhost-startStop-1] INFO  org.springframework.web.context.ContextLoader - Root WebApplicationContext: initialization completed in 3321 ms
2018-05-25 10:42:00.142 [localhost-startStop-1] INFO  o.s.boot.web.servlet.ServletRegistrationBean - Mapping servlet: 'dispatcherServlet' to [/]
2018-05-25 10:42:00.154 [localhost-startStop-1] INFO  o.s.boot.web.servlet.FilterRegistrationBean - Mapping filter: 'characterEncodingFilter' to: [/*]
2018-05-25 10:42:00.154 [localhost-startStop-1] INFO  o.s.boot.web.servlet.FilterRegistrationBean - Mapping filter: 'hiddenHttpMethodFilter' to: [/*]
2018-05-25 10:42:00.154 [localhost-startStop-1] INFO  o.s.boot.web.servlet.FilterRegistrationBean - Mapping filter: 'httpPutFormContentFilter' to: [/*]
2018-05-25 10:42:00.154 [localhost-startStop-1] INFO  o.s.boot.web.servlet.FilterRegistrationBean - Mapping filter: 'requestContextFilter' to: [/*]
2018-05-25 10:42:00.267 [restartedMain] INFO  com.dlw.study.config.MqProducerConfig - nameserver地址:127.0.0.1:9876,生产者组名称:myProducerGroup,生产者实列名称:myProducer
2018-05-25 10:42:01.271 [restartedMain] INFO  o.s.w.s.m.m.a.RequestMappingHandlerAdapter - Looking for @ControllerAdvice: org.springframework.boot.context.embedded.AnnotationConfigEmbeddedWebApplicationContext@5c9d7767: startup date [Fri May 25 10:41:56 CST 2018]; root of context hierarchy
2018-05-25 10:42:01.395 [restartedMain] INFO  o.s.w.s.m.m.a.RequestMappingHandlerMapping - Mapped "{[/produce/message],methods=[POST],produces=[application/json;charset=UTF-8]}" onto public com.dlw.study.model.CommonResponse com.dlw.study.controller.ProduceMessageController.send(com.dlw.study.model.CommonMessage)
2018-05-25 10:42:01.420 [restartedMain] INFO  o.s.w.s.m.m.a.RequestMappingHandlerMapping - Mapped "{[/error]}" onto public org.springframework.http.ResponseEntity<java.util.Map<java.lang.String, java.lang.Object>> org.springframework.boot.autoconfigure.web.BasicErrorController.error(javax.servlet.http.HttpServletRequest)
2018-05-25 10:42:01.421 [restartedMain] INFO  o.s.w.s.m.m.a.RequestMappingHandlerMapping - Mapped "{[/error],produces=[text/html]}" onto public org.springframework.web.servlet.ModelAndView org.springframework.boot.autoconfigure.web.BasicErrorController.errorHtml(javax.servlet.http.HttpServletRequest,javax.servlet.http.HttpServletResponse)
2018-05-25 10:42:01.500 [restartedMain] INFO  o.s.web.servlet.handler.SimpleUrlHandlerMapping - Mapped URL path [/webjars/**] onto handler of type [class org.springframework.web.servlet.resource.ResourceHttpRequestHandler]
2018-05-25 10:42:01.500 [restartedMain] INFO  o.s.web.servlet.handler.SimpleUrlHandlerMapping - Mapped URL path [/**] onto handler of type [class org.springframework.web.servlet.resource.ResourceHttpRequestHandler]
2018-05-25 10:42:01.581 [restartedMain] INFO  o.s.web.servlet.handler.SimpleUrlHandlerMapping - Mapped URL path [/**/favicon.ico] onto handler of type [class org.springframework.web.servlet.resource.ResourceHttpRequestHandler]
2018-05-25 10:42:01.888 [restartedMain] WARN  o.s.b.d.autoconfigure.OptionalLiveReloadServer - Unable to start LiveReload server
2018-05-25 10:42:02.015 [restartedMain] INFO  o.s.jmx.export.annotation.AnnotationMBeanExporter - Registering beans for JMX exposure on startup
2018-05-25 10:42:02.037 [restartedMain] INFO  org.apache.coyote.http11.Http11NioProtocol - Initializing ProtocolHandler ["http-nio-8090"]
2018-05-25 10:42:02.047 [restartedMain] INFO  org.apache.coyote.http11.Http11NioProtocol - Starting ProtocolHandler ["http-nio-8090"]
2018-05-25 10:42:02.048 [restartedMain] INFO  org.apache.tomcat.util.net.NioSelectorPool - Using a shared selector for servlet write/read
2018-05-25 10:42:02.063 [restartedMain] INFO  o.s.b.c.e.tomcat.TomcatEmbeddedServletContainer - Tomcat started on port(s): 8090 (http)
2018-05-25 10:42:02.069 [restartedMain] INFO  com.dlw.study.MqProducerApplication - Started MqProducerApplication in 7.222 seconds (JVM running for 9.996)
2018-05-25 11:25:01.265 [Thread-3] INFO  o.s.b.c.e.AnnotationConfigEmbeddedWebApplicationContext - Closing org.springframework.boot.context.embedded.AnnotationConfigEmbeddedWebApplicationContext@5c9d7767: startup date [Fri May 25 10:41:56 CST 2018]; root of context hierarchy
2018-05-25 11:25:01.267 [Thread-3] INFO  o.s.jmx.export.annotation.AnnotationMBeanExporter - Unregistering JMX-exposed beans on shutdown
2018-05-25 11:25:03.356 [restartedMain] INFO  com.dlw.study.MqProducerApplication - Starting MqProducerApplication on USERCHI-3VFQH17 with PID 13384 (E:\ideawork\spring4all\springboot-rocketmq\mq-producer-server\target\classes started by Administrator in E:\ideawork\spring4all)
2018-05-25 11:25:03.356 [restartedMain] INFO  com.dlw.study.MqProducerApplication - No active profile set, falling back to default profiles: default
2018-05-25 11:25:03.363 [restartedMain] INFO  o.s.b.c.e.AnnotationConfigEmbeddedWebApplicationContext - Refreshing org.springframework.boot.context.embedded.AnnotationConfigEmbeddedWebApplicationContext@5b0bc79d: startup date [Fri May 25 11:25:03 CST 2018]; root of context hierarchy
2018-05-25 11:25:04.344 [restartedMain] INFO  o.s.b.c.e.tomcat.TomcatEmbeddedServletContainer - Tomcat initialized with port(s): 8090 (http)
2018-05-25 11:25:04.345 [restartedMain] INFO  org.apache.catalina.core.StandardService - Starting service [Tomcat]
2018-05-25 11:25:04.345 [restartedMain] INFO  org.apache.catalina.core.StandardEngine - Starting Servlet Engine: Apache Tomcat/8.5.15
2018-05-25 11:25:04.400 [localhost-startStop-1] INFO  o.a.c.core.ContainerBase.[Tomcat].[localhost].[/] - Initializing Spring embedded WebApplicationContext
2018-05-25 11:25:04.400 [localhost-startStop-1] INFO  org.springframework.web.context.ContextLoader - Root WebApplicationContext: initialization completed in 1037 ms
2018-05-25 11:25:04.452 [localhost-startStop-1] INFO  o.s.boot.web.servlet.ServletRegistrationBean - Mapping servlet: 'dispatcherServlet' to [/]
2018-05-25 11:25:04.452 [localhost-startStop-1] INFO  o.s.boot.web.servlet.FilterRegistrationBean - Mapping filter: 'characterEncodingFilter' to: [/*]
2018-05-25 11:25:04.452 [localhost-startStop-1] INFO  o.s.boot.web.servlet.FilterRegistrationBean - Mapping filter: 'hiddenHttpMethodFilter' to: [/*]
2018-05-25 11:25:04.453 [localhost-startStop-1] INFO  o.s.boot.web.servlet.FilterRegistrationBean - Mapping filter: 'httpPutFormContentFilter' to: [/*]
2018-05-25 11:25:04.453 [localhost-startStop-1] INFO  o.s.boot.web.servlet.FilterRegistrationBean - Mapping filter: 'requestContextFilter' to: [/*]
2018-05-25 11:25:04.476 [restartedMain] WARN  o.s.b.c.e.AnnotationConfigEmbeddedWebApplicationContext - Exception encountered during context initialization - cancelling refresh attempt: org.springframework.beans.factory.UnsatisfiedDependencyException: Error creating bean with name 'produceMessageController': Unsatisfied dependency expressed through field 'mqService'; nested exception is org.springframework.beans.factory.UnsatisfiedDependencyException: Error creating bean with name 'mqServiceImpl': Unsatisfied dependency expressed through field 'producer'; nested exception is org.springframework.beans.factory.NoSuchBeanDefinitionException: No qualifying bean of type 'org.apache.rocketmq.client.producer.DefaultMQProducer' available: expected at least 1 bean which qualifies as autowire candidate. Dependency annotations: {@org.springframework.beans.factory.annotation.Autowired(required=true)}
2018-05-25 11:25:04.476 [restartedMain] INFO  org.apache.catalina.core.StandardService - Stopping service [Tomcat]
2018-05-25 11:25:04.500 [restartedMain] INFO  o.s.b.a.l.AutoConfigurationReportLoggingInitializer - 

Error starting ApplicationContext. To display the auto-configuration report re-run your application with 'debug' enabled.
2018-05-25 11:25:05.815 [restartedMain] ERROR o.s.b.diagnostics.LoggingFailureAnalysisReporter - 

***************************
APPLICATION FAILED TO START
***************************

Description:

Field producer in com.dlw.study.service.impl.MqServiceImpl required a bean of type 'org.apache.rocketmq.client.producer.DefaultMQProducer' that could not be found.


Action:

Consider defining a bean of type 'org.apache.rocketmq.client.producer.DefaultMQProducer' in your configuration.

2018-05-25 11:25:05.815 [restartedMain] ERROR o.s.b.diagnostics.LoggingFailureAnalysisReporter - 

***************************
APPLICATION FAILED TO START
***************************

Description:

Field producer in com.dlw.study.service.impl.MqServiceImpl required a bean of type 'org.apache.rocketmq.client.producer.DefaultMQProducer' that could not be found.


Action:

Consider defining a bean of type 'org.apache.rocketmq.client.producer.DefaultMQProducer' in your configuration.

2018-05-25 15:30:36.943 [restartedMain] INFO  com.dlw.study.MqProducerApplication - Starting MqProducerApplication on USERCHI-3VFQH17 with PID 13384 (E:\ideawork\spring4all\springboot-rocketmq\mq-producer-server\target\classes started by Administrator in E:\ideawork\spring4all)
2018-05-25 15:30:36.997 [restartedMain] INFO  com.dlw.study.MqProducerApplication - No active profile set, falling back to default profiles: default
2018-05-25 15:30:37.160 [restartedMain] INFO  o.s.b.c.e.AnnotationConfigEmbeddedWebApplicationContext - Refreshing org.springframework.boot.context.embedded.AnnotationConfigEmbeddedWebApplicationContext@4dc58ca4: startup date [Fri May 25 15:30:37 CST 2018]; root of context hierarchy
2018-05-25 15:30:40.194 [restartedMain] INFO  o.s.b.c.e.tomcat.TomcatEmbeddedServletContainer - Tomcat initialized with port(s): 8090 (http)
2018-05-25 15:30:40.248 [restartedMain] INFO  org.apache.catalina.core.StandardService - Starting service [Tomcat]
2018-05-25 15:30:40.248 [restartedMain] INFO  org.apache.catalina.core.StandardEngine - Starting Servlet Engine: Apache Tomcat/8.5.15
2018-05-25 15:30:40.380 [localhost-startStop-1] INFO  o.a.c.c.ContainerBase.[Tomcat-1].[localhost].[/] - Initializing Spring embedded WebApplicationContext
2018-05-25 15:30:40.381 [localhost-startStop-1] INFO  org.springframework.web.context.ContextLoader - Root WebApplicationContext: initialization completed in 3221 ms
2018-05-25 15:30:40.457 [localhost-startStop-1] INFO  o.s.boot.web.servlet.ServletRegistrationBean - Mapping servlet: 'dispatcherServlet' to [/]
2018-05-25 15:30:40.464 [localhost-startStop-1] INFO  o.s.boot.web.servlet.FilterRegistrationBean - Mapping filter: 'characterEncodingFilter' to: [/*]
2018-05-25 15:30:40.464 [localhost-startStop-1] INFO  o.s.boot.web.servlet.FilterRegistrationBean - Mapping filter: 'hiddenHttpMethodFilter' to: [/*]
2018-05-25 15:30:40.464 [localhost-startStop-1] INFO  o.s.boot.web.servlet.FilterRegistrationBean - Mapping filter: 'httpPutFormContentFilter' to: [/*]
2018-05-25 15:30:40.465 [localhost-startStop-1] INFO  o.s.boot.web.servlet.FilterRegistrationBean - Mapping filter: 'requestContextFilter' to: [/*]
2018-05-25 15:30:40.512 [restartedMain] INFO  com.dlw.study.config.MqProducerConfig - nameserver地址:127.0.0.1:9876,生产者组名称:myProducerGroup,生产者实列名称:myProducer
2018-05-25 15:30:41.018 [restartedMain] INFO  RocketmqRemoting - name server address updated. NEW : [127.0.0.1:9876] , OLD: null
2018-05-25 15:30:41.019 [restartedMain] INFO  RocketmqClient - user specified name server address: 127.0.0.1:9876
2018-05-25 15:30:41.259 [restartedMain] INFO  RocketmqClient - created a new client Instance, FactoryIndex: 1 ClinetID: 10.200.100.122@myProducer ClientConfig [namesrvAddr=127.0.0.1:9876, clientIP=10.200.100.122, instanceName=myProducer, clientCallbackExecutorThreads=4, pollNameServerInterval=30000, heartbeatBrokerInterval=30000, persistConsumerOffsetInterval=5000, unitMode=false, unitName=null, vipChannelEnabled=false, useTLS=false] V4_2_0_SNAPSHOT, serializeType=JSON
2018-05-25 15:30:41.259 [restartedMain] INFO  RocketmqClient - Created new MQClientInstance for clientId:[10.200.100.122@myProducer]
2018-05-25 15:30:41.260 [restartedMain] INFO  RocketmqClient - the producer [CLIENT_INNER_PRODUCER] start OK. sendMessageWithVIPChannel=false
2018-05-25 15:30:41.260 [restartedMain] INFO  RocketmqClient - the client factory [10.200.100.122@myProducer] start OK
2018-05-25 15:30:41.260 [restartedMain] INFO  RocketmqClient - the producer [myProducerGroup] start OK. sendMessageWithVIPChannel=false
2018-05-25 15:30:41.303 [RebalanceService] INFO  RocketmqClient - RebalanceService service started
2018-05-25 15:30:41.303 [PullMessageService] INFO  RocketmqClient - PullMessageService service started
2018-05-25 15:30:41.303 [MQClientFactoryScheduledThread] INFO  RocketmqRemoting - new name server is chosen. OLD: null , NEW: 127.0.0.1:9876. namesrvIndex = 824
2018-05-25 15:30:41.396 [MQClientFactoryScheduledThread] INFO  RocketmqRemoting - createChannel: begin to connect remote host[127.0.0.1:9876] asynchronously
2018-05-25 15:30:41.575 [NettyClientWorkerThread_1] INFO  RocketmqRemoting - NETTY CLIENT PIPELINE: CONNECT  UNKNOWN => 127.0.0.1:9876
2018-05-25 15:30:41.578 [MQClientFactoryScheduledThread] INFO  RocketmqRemoting - createChannel: connect remote host[127.0.0.1:9876] success, DefaultChannelPromise@6dc933ec(success)
2018-05-25 15:30:42.163 [MQClientFactoryScheduledThread] INFO  RocketmqClient - the topic[TBW102] route info changed, old[null] ,new[TopicRouteData [orderTopicConf=null, queueDatas=[QueueData [brokerName=USERCHI-3VFQH17, readQueueNums=8, writeQueueNums=8, perm=7, topicSynFlag=0]], brokerDatas=[BrokerData [brokerName=USERCHI-3VFQH17, brokerAddrs={0=10.200.100.122:10911}]], filterServerTable={}]]
2018-05-25 15:30:42.164 [MQClientFactoryScheduledThread] INFO  RocketmqClient - updateTopicPublishInfo prev is not null, TopicPublishInfo [orderTopic=false, messageQueueList=[], sendWhichQueue=ThreadLocalIndex{threadLocalIndex=null}, haveTopicRouterInfo=false]
2018-05-25 15:30:42.164 [MQClientFactoryScheduledThread] INFO  RocketmqClient - updateTopicPublishInfo prev is not null, TopicPublishInfo [orderTopic=false, messageQueueList=[], sendWhichQueue=ThreadLocalIndex{threadLocalIndex=null}, haveTopicRouterInfo=false]
2018-05-25 15:30:42.164 [MQClientFactoryScheduledThread] INFO  RocketmqClient - topicRouteTable.put. Topic = TBW102, TopicRouteData[TopicRouteData [orderTopicConf=null, queueDatas=[QueueData [brokerName=USERCHI-3VFQH17, readQueueNums=8, writeQueueNums=8, perm=7, topicSynFlag=0]], brokerDatas=[BrokerData [brokerName=USERCHI-3VFQH17, brokerAddrs={0=10.200.100.122:10911}]], filterServerTable={}]]
2018-05-25 15:30:42.284 [MQClientFactoryScheduledThread] INFO  RocketmqRemoting - createChannel: begin to connect remote host[10.200.100.122:10911] asynchronously
2018-05-25 15:30:42.328 [NettyClientWorkerThread_2] INFO  RocketmqRemoting - NETTY CLIENT PIPELINE: CONNECT  UNKNOWN => 10.200.100.122:10911
2018-05-25 15:30:42.329 [MQClientFactoryScheduledThread] INFO  RocketmqRemoting - createChannel: connect remote host[10.200.100.122:10911] success, DefaultChannelPromise@7e4363bd(success)
2018-05-25 15:30:42.422 [MQClientFactoryScheduledThread] INFO  RocketmqClient - send heart beat to broker[USERCHI-3VFQH17 0 10.200.100.122:10911] success
2018-05-25 15:30:42.422 [MQClientFactoryScheduledThread] INFO  RocketmqClient - HeartbeatData [clientID=10.200.100.122@myProducer, producerDataSet=[ProducerData [groupName=CLIENT_INNER_PRODUCER], ProducerData [groupName=myProducerGroup]], consumerDataSet=[]]
2018-05-25 15:30:42.560 [restartedMain] INFO  o.s.w.s.m.m.a.RequestMappingHandlerAdapter - Looking for @ControllerAdvice: org.springframework.boot.context.embedded.AnnotationConfigEmbeddedWebApplicationContext@4dc58ca4: startup date [Fri May 25 15:30:37 CST 2018]; root of context hierarchy
2018-05-25 15:30:42.633 [restartedMain] INFO  o.s.w.s.m.m.a.RequestMappingHandlerMapping - Mapped "{[/produce/message],methods=[POST],produces=[application/json;charset=UTF-8]}" onto public com.dlw.study.model.CommonResponse com.dlw.study.controller.ProduceMessageController.send(com.dlw.study.model.CommonMessage)
2018-05-25 15:30:42.703 [restartedMain] INFO  o.s.w.s.m.m.a.RequestMappingHandlerMapping - Mapped "{[/error]}" onto public org.springframework.http.ResponseEntity<java.util.Map<java.lang.String, java.lang.Object>> org.springframework.boot.autoconfigure.web.BasicErrorController.error(javax.servlet.http.HttpServletRequest)
2018-05-25 15:30:42.703 [restartedMain] INFO  o.s.w.s.m.m.a.RequestMappingHandlerMapping - Mapped "{[/error],produces=[text/html]}" onto public org.springframework.web.servlet.ModelAndView org.springframework.boot.autoconfigure.web.BasicErrorController.errorHtml(javax.servlet.http.HttpServletRequest,javax.servlet.http.HttpServletResponse)
2018-05-25 15:30:42.719 [restartedMain] INFO  o.s.web.servlet.handler.SimpleUrlHandlerMapping - Mapped URL path [/webjars/**] onto handler of type [class org.springframework.web.servlet.resource.ResourceHttpRequestHandler]
2018-05-25 15:30:42.719 [restartedMain] INFO  o.s.web.servlet.handler.SimpleUrlHandlerMapping - Mapped URL path [/**] onto handler of type [class org.springframework.web.servlet.resource.ResourceHttpRequestHandler]
2018-05-25 15:30:42.774 [restartedMain] INFO  o.s.web.servlet.handler.SimpleUrlHandlerMapping - Mapped URL path [/**/favicon.ico] onto handler of type [class org.springframework.web.servlet.resource.ResourceHttpRequestHandler]
2018-05-25 15:30:42.916 [restartedMain] INFO  o.s.b.d.autoconfigure.OptionalLiveReloadServer - LiveReload server is running on port 35729
2018-05-25 15:30:43.060 [restartedMain] INFO  o.s.jmx.export.annotation.AnnotationMBeanExporter - Registering beans for JMX exposure on startup
2018-05-25 15:30:43.067 [restartedMain] INFO  org.apache.coyote.http11.Http11NioProtocol - Initializing ProtocolHandler ["http-nio-8090"]
2018-05-25 15:30:43.067 [restartedMain] INFO  org.apache.coyote.http11.Http11NioProtocol - Starting ProtocolHandler ["http-nio-8090"]
2018-05-25 15:30:43.069 [restartedMain] INFO  org.apache.tomcat.util.net.NioSelectorPool - Using a shared selector for servlet write/read
2018-05-25 15:30:43.135 [restartedMain] INFO  o.s.b.c.e.tomcat.TomcatEmbeddedServletContainer - Tomcat started on port(s): 8090 (http)
2018-05-25 15:30:43.186 [restartedMain] INFO  com.dlw.study.MqProducerApplication - Started MqProducerApplication in 9.064 seconds (JVM running for 17331.112)
2018-05-25 15:36:36.602 [restartedMain] INFO  o.s.c.a.AnnotationConfigApplicationContext - Refreshing org.springframework.context.annotation.AnnotationConfigApplicationContext@28ebe657: startup date [Fri May 25 15:36:36 CST 2018]; root of context hierarchy
2018-05-25 15:36:37.220 [restartedMain] INFO  o.s.b.f.a.AutowiredAnnotationBeanPostProcessor - JSR-330 'javax.inject.Inject' annotation found and supported for autowiring
2018-05-25 15:36:37.710 [restartedMain] INFO  o.s.c.s.PostProcessorRegistrationDelegate$BeanPostProcessorChecker - Bean 'configurationPropertiesRebinderAutoConfiguration' of type [org.springframework.cloud.autoconfigure.ConfigurationPropertiesRebinderAutoConfiguration$$EnhancerBySpringCGLIB$$57727595] is not eligible for getting processed by all BeanPostProcessors (for example: not eligible for auto-proxying)
2018-05-25 15:36:38.341 [background-preinit] INFO  org.hibernate.validator.internal.util.Version - HV000001: Hibernate Validator 5.3.5.Final
2018-05-25 15:36:41.113 [restartedMain] INFO  com.dlw.study.MqProducerApplication - No active profile set, falling back to default profiles: default
2018-05-25 15:36:41.132 [restartedMain] INFO  o.s.b.c.e.AnnotationConfigEmbeddedWebApplicationContext - Refreshing org.springframework.boot.context.embedded.AnnotationConfigEmbeddedWebApplicationContext@1c7cea2d: startup date [Fri May 25 15:36:41 CST 2018]; parent: org.springframework.context.annotation.AnnotationConfigApplicationContext@28ebe657
2018-05-25 15:36:42.459 [restartedMain] INFO  o.springframework.cloud.context.scope.GenericScope - BeanFactory id=37c75db8-f8ce-37c2-ac64-05303fe4bc73
2018-05-25 15:36:42.473 [restartedMain] INFO  o.s.b.f.a.AutowiredAnnotationBeanPostProcessor - JSR-330 'javax.inject.Inject' annotation found and supported for autowiring
2018-05-25 15:36:42.556 [restartedMain] INFO  o.s.c.s.PostProcessorRegistrationDelegate$BeanPostProcessorChecker - Bean 'org.springframework.cloud.autoconfigure.ConfigurationPropertiesRebinderAutoConfiguration' of type [org.springframework.cloud.autoconfigure.ConfigurationPropertiesRebinderAutoConfiguration$$EnhancerBySpringCGLIB$$57727595] is not eligible for getting processed by all BeanPostProcessors (for example: not eligible for auto-proxying)
2018-05-25 15:36:43.582 [restartedMain] INFO  o.s.b.c.e.tomcat.TomcatEmbeddedServletContainer - Tomcat initialized with port(s): 8090 (http)
2018-05-25 15:36:43.615 [restartedMain] INFO  org.apache.catalina.core.StandardService - Starting service [Tomcat]
2018-05-25 15:36:43.616 [restartedMain] INFO  org.apache.catalina.core.StandardEngine - Starting Servlet Engine: Apache Tomcat/8.5.15
2018-05-25 15:36:43.787 [localhost-startStop-1] INFO  o.a.c.core.ContainerBase.[Tomcat].[localhost].[/] - Initializing Spring embedded WebApplicationContext
2018-05-25 15:36:43.788 [localhost-startStop-1] INFO  org.springframework.web.context.ContextLoader - Root WebApplicationContext: initialization completed in 2655 ms
2018-05-25 15:36:44.099 [localhost-startStop-1] INFO  o.s.boot.web.servlet.ServletRegistrationBean - Mapping servlet: 'dispatcherServlet' to [/]
2018-05-25 15:36:44.105 [localhost-startStop-1] INFO  o.s.boot.web.servlet.FilterRegistrationBean - Mapping filter: 'characterEncodingFilter' to: [/*]
2018-05-25 15:36:44.105 [localhost-startStop-1] INFO  o.s.boot.web.servlet.FilterRegistrationBean - Mapping filter: 'hiddenHttpMethodFilter' to: [/*]
2018-05-25 15:36:44.105 [localhost-startStop-1] INFO  o.s.boot.web.servlet.FilterRegistrationBean - Mapping filter: 'httpPutFormContentFilter' to: [/*]
2018-05-25 15:36:44.105 [localhost-startStop-1] INFO  o.s.boot.web.servlet.FilterRegistrationBean - Mapping filter: 'requestContextFilter' to: [/*]
2018-05-25 15:36:44.215 [restartedMain] INFO  com.dlw.study.config.MqProducerConfig - nameserver地址:127.0.0.1:9876,生产者组名称:devProducerGroup,生产者实列名称:devProducer1
2018-05-25 15:36:45.945 [restartedMain] INFO  o.s.w.s.m.m.a.RequestMappingHandlerAdapter - Looking for @ControllerAdvice: org.springframework.boot.context.embedded.AnnotationConfigEmbeddedWebApplicationContext@1c7cea2d: startup date [Fri May 25 15:36:41 CST 2018]; parent: org.springframework.context.annotation.AnnotationConfigApplicationContext@28ebe657
2018-05-25 15:36:46.089 [restartedMain] INFO  o.s.w.s.m.m.a.RequestMappingHandlerMapping - Mapped "{[/produce/message],methods=[POST],produces=[application/json;charset=UTF-8]}" onto public com.dlw.study.model.CommonResponse com.dlw.study.controller.ProduceMessageController.send(com.dlw.study.model.CommonMessage)
2018-05-25 15:36:46.096 [restartedMain] INFO  o.s.w.s.m.m.a.RequestMappingHandlerMapping - Mapped "{[/error]}" onto public org.springframework.http.ResponseEntity<java.util.Map<java.lang.String, java.lang.Object>> org.springframework.boot.autoconfigure.web.BasicErrorController.error(javax.servlet.http.HttpServletRequest)
2018-05-25 15:36:46.096 [restartedMain] INFO  o.s.w.s.m.m.a.RequestMappingHandlerMapping - Mapped "{[/error],produces=[text/html]}" onto public org.springframework.web.servlet.ModelAndView org.springframework.boot.autoconfigure.web.BasicErrorController.errorHtml(javax.servlet.http.HttpServletRequest,javax.servlet.http.HttpServletResponse)
2018-05-25 15:36:46.196 [restartedMain] INFO  o.s.web.servlet.handler.SimpleUrlHandlerMapping - Mapped URL path [/webjars/**] onto handler of type [class org.springframework.web.servlet.resource.ResourceHttpRequestHandler]
2018-05-25 15:36:46.196 [restartedMain] INFO  o.s.web.servlet.handler.SimpleUrlHandlerMapping - Mapped URL path [/**] onto handler of type [class org.springframework.web.servlet.resource.ResourceHttpRequestHandler]
2018-05-25 15:36:46.278 [restartedMain] INFO  o.s.web.servlet.handler.SimpleUrlHandlerMapping - Mapped URL path [/**/favicon.ico] onto handler of type [class org.springframework.web.servlet.resource.ResourceHttpRequestHandler]
2018-05-25 15:36:46.991 [restartedMain] INFO  o.s.b.d.autoconfigure.OptionalLiveReloadServer - LiveReload server is running on port 35729
2018-05-25 15:36:48.342 [restartedMain] INFO  org.springframework.cloud.commons.util.InetUtils - Cannot determine local hostname
2018-05-25 15:36:48.841 [restartedMain] WARN  com.netflix.config.sources.URLConfigurationSource - No URLs will be polled as dynamic configuration sources.
2018-05-25 15:36:48.843 [restartedMain] INFO  com.netflix.config.sources.URLConfigurationSource - To enable URLs as dynamic configuration sources, define System property archaius.configurationSource.additionalUrls or make config.properties available on classpath.
2018-05-25 15:36:48.857 [restartedMain] WARN  com.netflix.config.sources.URLConfigurationSource - No URLs will be polled as dynamic configuration sources.
2018-05-25 15:36:48.863 [restartedMain] INFO  com.netflix.config.sources.URLConfigurationSource - To enable URLs as dynamic configuration sources, define System property archaius.configurationSource.additionalUrls or make config.properties available on classpath.
2018-05-25 15:36:49.582 [restartedMain] INFO  o.s.jmx.export.annotation.AnnotationMBeanExporter - Registering beans for JMX exposure on startup
2018-05-25 15:36:49.598 [restartedMain] INFO  o.s.jmx.export.annotation.AnnotationMBeanExporter - Bean with name 'environmentManager' has been autodetected for JMX exposure
2018-05-25 15:36:49.599 [restartedMain] INFO  o.s.jmx.export.annotation.AnnotationMBeanExporter - Bean with name 'configurationPropertiesRebinder' has been autodetected for JMX exposure
2018-05-25 15:36:49.601 [restartedMain] INFO  o.s.jmx.export.annotation.AnnotationMBeanExporter - Bean with name 'refreshScope' has been autodetected for JMX exposure
2018-05-25 15:36:49.606 [restartedMain] INFO  o.s.jmx.export.annotation.AnnotationMBeanExporter - Located managed bean 'environmentManager': registering with JMX server as MBean [org.springframework.cloud.context.environment:name=environmentManager,type=EnvironmentManager]
2018-05-25 15:36:49.772 [restartedMain] INFO  o.s.jmx.export.annotation.AnnotationMBeanExporter - Located managed bean 'refreshScope': registering with JMX server as MBean [org.springframework.cloud.context.scope.refresh:name=refreshScope,type=RefreshScope]
2018-05-25 15:36:49.790 [restartedMain] INFO  o.s.jmx.export.annotation.AnnotationMBeanExporter - Located managed bean 'configurationPropertiesRebinder': registering with JMX server as MBean [org.springframework.cloud.context.properties:name=configurationPropertiesRebinder,context=1c7cea2d,type=ConfigurationPropertiesRebinder]
2018-05-25 15:36:49.958 [restartedMain] INFO  org.apache.coyote.http11.Http11NioProtocol - Initializing ProtocolHandler ["http-nio-8090"]
2018-05-25 15:36:49.969 [restartedMain] INFO  org.apache.coyote.http11.Http11NioProtocol - Starting ProtocolHandler ["http-nio-8090"]
2018-05-25 15:36:49.971 [restartedMain] INFO  org.apache.tomcat.util.net.NioSelectorPool - Using a shared selector for servlet write/read
2018-05-25 15:36:50.019 [restartedMain] INFO  o.s.b.c.e.tomcat.TomcatEmbeddedServletContainer - Tomcat started on port(s): 8090 (http)
2018-05-25 15:36:50.026 [restartedMain] INFO  com.dlw.study.MqProducerApplication - Started MqProducerApplication in 16.324 seconds (JVM running for 22.889)
2018-05-25 18:13:51.960 [restartedMain] INFO  o.s.c.a.AnnotationConfigApplicationContext - Refreshing org.springframework.context.annotation.AnnotationConfigApplicationContext@25482298: startup date [Fri May 25 18:13:51 CST 2018]; root of context hierarchy
2018-05-25 18:13:52.222 [background-preinit] INFO  org.hibernate.validator.internal.util.Version - HV000001: Hibernate Validator 5.3.5.Final
2018-05-25 18:13:52.420 [restartedMain] INFO  o.s.b.f.a.AutowiredAnnotationBeanPostProcessor - JSR-330 'javax.inject.Inject' annotation found and supported for autowiring
2018-05-25 18:13:52.486 [restartedMain] INFO  o.s.c.s.PostProcessorRegistrationDelegate$BeanPostProcessorChecker - Bean 'configurationPropertiesRebinderAutoConfiguration' of type [org.springframework.cloud.autoconfigure.ConfigurationPropertiesRebinderAutoConfiguration$$EnhancerBySpringCGLIB$$e115b8c4] is not eligible for getting processed by all BeanPostProcessors (for example: not eligible for auto-proxying)
2018-05-25 18:13:54.148 [restartedMain] INFO  com.dlw.study.MqProducerApplication - No active profile set, falling back to default profiles: default
2018-05-25 18:13:54.196 [restartedMain] INFO  o.s.b.c.e.AnnotationConfigEmbeddedWebApplicationContext - Refreshing org.springframework.boot.context.embedded.AnnotationConfigEmbeddedWebApplicationContext@7e1f05d2: startup date [Fri May 25 18:13:54 CST 2018]; parent: org.springframework.context.annotation.AnnotationConfigApplicationContext@25482298
2018-05-25 18:13:55.590 [restartedMain] ERROR org.springframework.boot.SpringApplication - Application startup failed
java.lang.NoClassDefFoundError: com/netflix/hystrix/contrib/javanica/aop/aspectj/HystrixCommandAspect
	at java.lang.Class.getDeclaredMethods0(Native Method)
	at java.lang.Class.privateGetDeclaredMethods(Class.java:2701)
	at java.lang.Class.getDeclaredMethods(Class.java:1975)
	at org.springframework.util.ReflectionUtils.getDeclaredMethods(ReflectionUtils.java:613)
	at org.springframework.util.ReflectionUtils.doWithMethods(ReflectionUtils.java:524)
	at org.springframework.util.ReflectionUtils.doWithMethods(ReflectionUtils.java:510)
	at org.springframework.util.ReflectionUtils.getUniqueDeclaredMethods(ReflectionUtils.java:570)
	at org.springframework.beans.factory.support.AbstractAutowireCapableBeanFactory.getTypeForFactoryMethod(AbstractAutowireCapableBeanFactory.java:697)
	at org.springframework.beans.factory.support.AbstractAutowireCapableBeanFactory.determineTargetType(AbstractAutowireCapableBeanFactory.java:640)
	at org.springframework.beans.factory.support.AbstractAutowireCapableBeanFactory.predictBeanType(AbstractAutowireCapableBeanFactory.java:609)
	at org.springframework.beans.factory.support.AbstractBeanFactory.isFactoryBean(AbstractBeanFactory.java:1484)
	at org.springframework.beans.factory.support.DefaultListableBeanFactory.doGetBeanNamesForType(DefaultListableBeanFactory.java:425)
	at org.springframework.beans.factory.support.DefaultListableBeanFactory.getBeanNamesForType(DefaultListableBeanFactory.java:395)
	at org.springframework.boot.autoconfigure.web.EmbeddedServletContainerAutoConfiguration$BeanPostProcessorsRegistrar.registerSyntheticBeanIfMissing(EmbeddedServletContainerAutoConfiguration.java:148)
	at org.springframework.boot.autoconfigure.web.EmbeddedServletContainerAutoConfiguration$BeanPostProcessorsRegistrar.registerBeanDefinitions(EmbeddedServletContainerAutoConfiguration.java:137)
	at org.springframework.context.annotation.ConfigurationClassBeanDefinitionReader.loadBeanDefinitionsFromRegistrars(ConfigurationClassBeanDefinitionReader.java:354)
	at org.springframework.context.annotation.ConfigurationClassBeanDefinitionReader.loadBeanDefinitionsForConfigurationClass(ConfigurationClassBeanDefinitionReader.java:143)
	at org.springframework.context.annotation.ConfigurationClassBeanDefinitionReader.loadBeanDefinitions(ConfigurationClassBeanDefinitionReader.java:116)
	at org.springframework.context.annotation.ConfigurationClassPostProcessor.processConfigBeanDefinitions(ConfigurationClassPostProcessor.java:320)
	at org.springframework.context.annotation.ConfigurationClassPostProcessor.postProcessBeanDefinitionRegistry(ConfigurationClassPostProcessor.java:228)
	at org.springframework.context.support.PostProcessorRegistrationDelegate.invokeBeanDefinitionRegistryPostProcessors(PostProcessorRegistrationDelegate.java:270)
	at org.springframework.context.support.PostProcessorRegistrationDelegate.invokeBeanFactoryPostProcessors(PostProcessorRegistrationDelegate.java:93)
	at org.springframework.context.support.AbstractApplicationContext.invokeBeanFactoryPostProcessors(AbstractApplicationContext.java:687)
	at org.springframework.context.support.AbstractApplicationContext.refresh(AbstractApplicationContext.java:525)
	at org.springframework.boot.context.embedded.EmbeddedWebApplicationContext.refresh(EmbeddedWebApplicationContext.java:122)
	at org.springframework.boot.SpringApplication.refresh(SpringApplication.java:693)
	at org.springframework.boot.SpringApplication.refreshContext(SpringApplication.java:360)
	at org.springframework.boot.SpringApplication.run(SpringApplication.java:303)
	at org.springframework.boot.SpringApplication.run(SpringApplication.java:1118)
	at org.springframework.boot.SpringApplication.run(SpringApplication.java:1107)
	at com.dlw.study.MqProducerApplication.main(MqProducerApplication.java:15)
	at sun.reflect.NativeMethodAccessorImpl.invoke0(Native Method)
	at sun.reflect.NativeMethodAccessorImpl.invoke(NativeMethodAccessorImpl.java:62)
	at sun.reflect.DelegatingMethodAccessorImpl.invoke(DelegatingMethodAccessorImpl.java:43)
	at java.lang.reflect.Method.invoke(Method.java:498)
	at org.springframework.boot.devtools.restart.RestartLauncher.run(RestartLauncher.java:49)
Caused by: java.lang.ClassNotFoundException: com.netflix.hystrix.contrib.javanica.aop.aspectj.HystrixCommandAspect
	at java.net.URLClassLoader.findClass(URLClassLoader.java:381)
	at java.lang.ClassLoader.loadClass(ClassLoader.java:424)
	at sun.misc.Launcher$AppClassLoader.loadClass(Launcher.java:338)
	at java.lang.ClassLoader.loadClass(ClassLoader.java:357)
	... 36 common frames omitted
2018-05-25 18:13:55.590 [restartedMain] ERROR org.springframework.boot.SpringApplication - Application startup failed
java.lang.NoClassDefFoundError: com/netflix/hystrix/contrib/javanica/aop/aspectj/HystrixCommandAspect
	at java.lang.Class.getDeclaredMethods0(Native Method)
	at java.lang.Class.privateGetDeclaredMethods(Class.java:2701)
	at java.lang.Class.getDeclaredMethods(Class.java:1975)
	at org.springframework.util.ReflectionUtils.getDeclaredMethods(ReflectionUtils.java:613)
	at org.springframework.util.ReflectionUtils.doWithMethods(ReflectionUtils.java:524)
	at org.springframework.util.ReflectionUtils.doWithMethods(ReflectionUtils.java:510)
	at org.springframework.util.ReflectionUtils.getUniqueDeclaredMethods(ReflectionUtils.java:570)
	at org.springframework.beans.factory.support.AbstractAutowireCapableBeanFactory.getTypeForFactoryMethod(AbstractAutowireCapableBeanFactory.java:697)
	at org.springframework.beans.factory.support.AbstractAutowireCapableBeanFactory.determineTargetType(AbstractAutowireCapableBeanFactory.java:640)
	at org.springframework.beans.factory.support.AbstractAutowireCapableBeanFactory.predictBeanType(AbstractAutowireCapableBeanFactory.java:609)
	at org.springframework.beans.factory.support.AbstractBeanFactory.isFactoryBean(AbstractBeanFactory.java:1484)
	at org.springframework.beans.factory.support.DefaultListableBeanFactory.doGetBeanNamesForType(DefaultListableBeanFactory.java:425)
	at org.springframework.beans.factory.support.DefaultListableBeanFactory.getBeanNamesForType(DefaultListableBeanFactory.java:395)
	at org.springframework.boot.autoconfigure.web.EmbeddedServletContainerAutoConfiguration$BeanPostProcessorsRegistrar.registerSyntheticBeanIfMissing(EmbeddedServletContainerAutoConfiguration.java:148)
	at org.springframework.boot.autoconfigure.web.EmbeddedServletContainerAutoConfiguration$BeanPostProcessorsRegistrar.registerBeanDefinitions(EmbeddedServletContainerAutoConfiguration.java:137)
	at org.springframework.context.annotation.ConfigurationClassBeanDefinitionReader.loadBeanDefinitionsFromRegistrars(ConfigurationClassBeanDefinitionReader.java:354)
	at org.springframework.context.annotation.ConfigurationClassBeanDefinitionReader.loadBeanDefinitionsForConfigurationClass(ConfigurationClassBeanDefinitionReader.java:143)
	at org.springframework.context.annotation.ConfigurationClassBeanDefinitionReader.loadBeanDefinitions(ConfigurationClassBeanDefinitionReader.java:116)
	at org.springframework.context.annotation.ConfigurationClassPostProcessor.processConfigBeanDefinitions(ConfigurationClassPostProcessor.java:320)
	at org.springframework.context.annotation.ConfigurationClassPostProcessor.postProcessBeanDefinitionRegistry(ConfigurationClassPostProcessor.java:228)
	at org.springframework.context.support.PostProcessorRegistrationDelegate.invokeBeanDefinitionRegistryPostProcessors(PostProcessorRegistrationDelegate.java:270)
	at org.springframework.context.support.PostProcessorRegistrationDelegate.invokeBeanFactoryPostProcessors(PostProcessorRegistrationDelegate.java:93)
	at org.springframework.context.support.AbstractApplicationContext.invokeBeanFactoryPostProcessors(AbstractApplicationContext.java:687)
	at org.springframework.context.support.AbstractApplicationContext.refresh(AbstractApplicationContext.java:525)
	at org.springframework.boot.context.embedded.EmbeddedWebApplicationContext.refresh(EmbeddedWebApplicationContext.java:122)
	at org.springframework.boot.SpringApplication.refresh(SpringApplication.java:693)
	at org.springframework.boot.SpringApplication.refreshContext(SpringApplication.java:360)
	at org.springframework.boot.SpringApplication.run(SpringApplication.java:303)
	at org.springframework.boot.SpringApplication.run(SpringApplication.java:1118)
	at org.springframework.boot.SpringApplication.run(SpringApplication.java:1107)
	at com.dlw.study.MqProducerApplication.main(MqProducerApplication.java:15)
	at sun.reflect.NativeMethodAccessorImpl.invoke0(Native Method)
	at sun.reflect.NativeMethodAccessorImpl.invoke(NativeMethodAccessorImpl.java:62)
	at sun.reflect.DelegatingMethodAccessorImpl.invoke(DelegatingMethodAccessorImpl.java:43)
	at java.lang.reflect.Method.invoke(Method.java:498)
	at org.springframework.boot.devtools.restart.RestartLauncher.run(RestartLauncher.java:49)
Caused by: java.lang.ClassNotFoundException: com.netflix.hystrix.contrib.javanica.aop.aspectj.HystrixCommandAspect
	at java.net.URLClassLoader.findClass(URLClassLoader.java:381)
	at java.lang.ClassLoader.loadClass(ClassLoader.java:424)
	at sun.misc.Launcher$AppClassLoader.loadClass(Launcher.java:338)
	at java.lang.ClassLoader.loadClass(ClassLoader.java:357)
	... 36 common frames omitted
2018-05-25 18:13:55.601 [restartedMain] INFO  o.s.b.c.e.AnnotationConfigEmbeddedWebApplicationContext - Closing org.springframework.boot.context.embedded.AnnotationConfigEmbeddedWebApplicationContext@7e1f05d2: startup date [Fri May 25 18:13:54 CST 2018]; parent: org.springframework.context.annotation.AnnotationConfigApplicationContext@25482298
2018-05-25 18:13:55.602 [restartedMain] WARN  o.s.b.c.e.AnnotationConfigEmbeddedWebApplicationContext - Exception thrown from LifecycleProcessor on context close
java.lang.IllegalStateException: LifecycleProcessor not initialized - call 'refresh' before invoking lifecycle methods via the context: org.springframework.boot.context.embedded.AnnotationConfigEmbeddedWebApplicationContext@7e1f05d2: startup date [Fri May 25 18:13:54 CST 2018]; parent: org.springframework.context.annotation.AnnotationConfigApplicationContext@25482298
	at org.springframework.context.support.AbstractApplicationContext.getLifecycleProcessor(AbstractApplicationContext.java:427)
	at org.springframework.context.support.AbstractApplicationContext.doClose(AbstractApplicationContext.java:999)
	at org.springframework.context.support.AbstractApplicationContext.close(AbstractApplicationContext.java:958)
	at org.springframework.boot.SpringApplication.handleRunFailure(SpringApplication.java:750)
	at org.springframework.boot.SpringApplication.run(SpringApplication.java:314)
	at org.springframework.boot.SpringApplication.run(SpringApplication.java:1118)
	at org.springframework.boot.SpringApplication.run(SpringApplication.java:1107)
	at com.dlw.study.MqProducerApplication.main(MqProducerApplication.java:15)
	at sun.reflect.NativeMethodAccessorImpl.invoke0(Native Method)
	at sun.reflect.NativeMethodAccessorImpl.invoke(NativeMethodAccessorImpl.java:62)
	at sun.reflect.DelegatingMethodAccessorImpl.invoke(DelegatingMethodAccessorImpl.java:43)
	at java.lang.reflect.Method.invoke(Method.java:498)
	at org.springframework.boot.devtools.restart.RestartLauncher.run(RestartLauncher.java:49)
2018-05-25 18:13:55.602 [restartedMain] ERROR o.s.b.factory.support.DefaultListableBeanFactory - Destroy method on bean with name 'org.springframework.boot.autoconfigure.internalCachingMetadataReaderFactory' threw an exception
java.lang.IllegalStateException: ApplicationEventMulticaster not initialized - call 'refresh' before multicasting events via the context: org.springframework.boot.context.embedded.AnnotationConfigEmbeddedWebApplicationContext@7e1f05d2: startup date [Fri May 25 18:13:54 CST 2018]; parent: org.springframework.context.annotation.AnnotationConfigApplicationContext@25482298
	at org.springframework.context.support.AbstractApplicationContext.getApplicationEventMulticaster(AbstractApplicationContext.java:414)
	at org.springframework.context.support.ApplicationListenerDetector.postProcessBeforeDestruction(ApplicationListenerDetector.java:97)
	at org.springframework.beans.factory.support.DisposableBeanAdapter.destroy(DisposableBeanAdapter.java:253)
	at org.springframework.beans.factory.support.DefaultSingletonBeanRegistry.destroyBean(DefaultSingletonBeanRegistry.java:578)
	at org.springframework.beans.factory.support.DefaultSingletonBeanRegistry.destroySingleton(DefaultSingletonBeanRegistry.java:554)
	at org.springframework.beans.factory.support.DefaultListableBeanFactory.destroySingleton(DefaultListableBeanFactory.java:961)
	at org.springframework.beans.factory.support.DefaultSingletonBeanRegistry.destroySingletons(DefaultSingletonBeanRegistry.java:523)
	at org.springframework.beans.factory.support.DefaultListableBeanFactory.destroySingletons(DefaultListableBeanFactory.java:968)
	at org.springframework.context.support.AbstractApplicationContext.destroyBeans(AbstractApplicationContext.java:1030)
	at org.springframework.context.support.AbstractApplicationContext.doClose(AbstractApplicationContext.java:1006)
	at org.springframework.context.support.AbstractApplicationContext.close(AbstractApplicationContext.java:958)
	at org.springframework.boot.SpringApplication.handleRunFailure(SpringApplication.java:750)
	at org.springframework.boot.SpringApplication.run(SpringApplication.java:314)
	at org.springframework.boot.SpringApplication.run(SpringApplication.java:1118)
	at org.springframework.boot.SpringApplication.run(SpringApplication.java:1107)
	at com.dlw.study.MqProducerApplication.main(MqProducerApplication.java:15)
	at sun.reflect.NativeMethodAccessorImpl.invoke0(Native Method)
	at sun.reflect.NativeMethodAccessorImpl.invoke(NativeMethodAccessorImpl.java:62)
	at sun.reflect.DelegatingMethodAccessorImpl.invoke(DelegatingMethodAccessorImpl.java:43)
	at java.lang.reflect.Method.invoke(Method.java:498)
	at org.springframework.boot.devtools.restart.RestartLauncher.run(RestartLauncher.java:49)
2018-05-25 18:13:55.602 [restartedMain] ERROR o.s.b.factory.support.DefaultListableBeanFactory - Destroy method on bean with name 'org.springframework.boot.autoconfigure.internalCachingMetadataReaderFactory' threw an exception
java.lang.IllegalStateException: ApplicationEventMulticaster not initialized - call 'refresh' before multicasting events via the context: org.springframework.boot.context.embedded.AnnotationConfigEmbeddedWebApplicationContext@7e1f05d2: startup date [Fri May 25 18:13:54 CST 2018]; parent: org.springframework.context.annotation.AnnotationConfigApplicationContext@25482298
	at org.springframework.context.support.AbstractApplicationContext.getApplicationEventMulticaster(AbstractApplicationContext.java:414)
	at org.springframework.context.support.ApplicationListenerDetector.postProcessBeforeDestruction(ApplicationListenerDetector.java:97)
	at org.springframework.beans.factory.support.DisposableBeanAdapter.destroy(DisposableBeanAdapter.java:253)
	at org.springframework.beans.factory.support.DefaultSingletonBeanRegistry.destroyBean(DefaultSingletonBeanRegistry.java:578)
	at org.springframework.beans.factory.support.DefaultSingletonBeanRegistry.destroySingleton(DefaultSingletonBeanRegistry.java:554)
	at org.springframework.beans.factory.support.DefaultListableBeanFactory.destroySingleton(DefaultListableBeanFactory.java:961)
	at org.springframework.beans.factory.support.DefaultSingletonBeanRegistry.destroySingletons(DefaultSingletonBeanRegistry.java:523)
	at org.springframework.beans.factory.support.DefaultListableBeanFactory.destroySingletons(DefaultListableBeanFactory.java:968)
	at org.springframework.context.support.AbstractApplicationContext.destroyBeans(AbstractApplicationContext.java:1030)
	at org.springframework.context.support.AbstractApplicationContext.doClose(AbstractApplicationContext.java:1006)
	at org.springframework.context.support.AbstractApplicationContext.close(AbstractApplicationContext.java:958)
	at org.springframework.boot.SpringApplication.handleRunFailure(SpringApplication.java:750)
	at org.springframework.boot.SpringApplication.run(SpringApplication.java:314)
	at org.springframework.boot.SpringApplication.run(SpringApplication.java:1118)
	at org.springframework.boot.SpringApplication.run(SpringApplication.java:1107)
	at com.dlw.study.MqProducerApplication.main(MqProducerApplication.java:15)
	at sun.reflect.NativeMethodAccessorImpl.invoke0(Native Method)
	at sun.reflect.NativeMethodAccessorImpl.invoke(NativeMethodAccessorImpl.java:62)
	at sun.reflect.DelegatingMethodAccessorImpl.invoke(DelegatingMethodAccessorImpl.java:43)
	at java.lang.reflect.Method.invoke(Method.java:498)
	at org.springframework.boot.devtools.restart.RestartLauncher.run(RestartLauncher.java:49)
2018-05-25 18:15:14.223 [restartedMain] INFO  o.s.c.a.AnnotationConfigApplicationContext - Refreshing org.springframework.context.annotation.AnnotationConfigApplicationContext@6981fec7: startup date [Fri May 25 18:15:14 CST 2018]; root of context hierarchy
2018-05-25 18:15:14.577 [background-preinit] INFO  org.hibernate.validator.internal.util.Version - HV000001: Hibernate Validator 5.3.5.Final
2018-05-25 18:15:14.740 [restartedMain] INFO  o.s.b.f.a.AutowiredAnnotationBeanPostProcessor - JSR-330 'javax.inject.Inject' annotation found and supported for autowiring
2018-05-25 18:15:14.874 [restartedMain] INFO  o.s.c.s.PostProcessorRegistrationDelegate$BeanPostProcessorChecker - Bean 'configurationPropertiesRebinderAutoConfiguration' of type [org.springframework.cloud.autoconfigure.ConfigurationPropertiesRebinderAutoConfiguration$$EnhancerBySpringCGLIB$$117cf953] is not eligible for getting processed by all BeanPostProcessors (for example: not eligible for auto-proxying)
2018-05-25 18:15:17.252 [restartedMain] INFO  com.dlw.study.MqProducerApplication - No active profile set, falling back to default profiles: default
2018-05-25 18:15:17.285 [restartedMain] INFO  o.s.b.c.e.AnnotationConfigEmbeddedWebApplicationContext - Refreshing org.springframework.boot.context.embedded.AnnotationConfigEmbeddedWebApplicationContext@58b48fbc: startup date [Fri May 25 18:15:17 CST 2018]; parent: org.springframework.context.annotation.AnnotationConfigApplicationContext@6981fec7
2018-05-25 18:15:19.626 [restartedMain] INFO  o.springframework.cloud.context.scope.GenericScope - BeanFactory id=e4b0b8f5-a756-3c70-ae2b-c5f2bf537d53
2018-05-25 18:15:19.643 [restartedMain] INFO  o.s.b.f.a.AutowiredAnnotationBeanPostProcessor - JSR-330 'javax.inject.Inject' annotation found and supported for autowiring
2018-05-25 18:15:19.746 [restartedMain] INFO  o.s.c.s.PostProcessorRegistrationDelegate$BeanPostProcessorChecker - Bean 'org.springframework.cloud.autoconfigure.ConfigurationPropertiesRebinderAutoConfiguration' of type [org.springframework.cloud.autoconfigure.ConfigurationPropertiesRebinderAutoConfiguration$$EnhancerBySpringCGLIB$$117cf953] is not eligible for getting processed by all BeanPostProcessors (for example: not eligible for auto-proxying)
2018-05-25 18:15:19.769 [restartedMain] INFO  o.s.c.s.PostProcessorRegistrationDelegate$BeanPostProcessorChecker - Bean 'org.springframework.cache.annotation.ProxyCachingConfiguration' of type [org.springframework.cache.annotation.ProxyCachingConfiguration$$EnhancerBySpringCGLIB$$3e752c74] is not eligible for getting processed by all BeanPostProcessors (for example: not eligible for auto-proxying)
2018-05-25 18:15:19.792 [restartedMain] INFO  o.s.c.s.PostProcessorRegistrationDelegate$BeanPostProcessorChecker - Bean 'org.springframework.boot.autoconfigure.cache.CacheAutoConfiguration' of type [org.springframework.boot.autoconfigure.cache.CacheAutoConfiguration$$EnhancerBySpringCGLIB$$32e8f118] is not eligible for getting processed by all BeanPostProcessors (for example: not eligible for auto-proxying)
2018-05-25 18:15:19.821 [restartedMain] INFO  o.s.c.s.PostProcessorRegistrationDelegate$BeanPostProcessorChecker - Bean 'spring.cache-org.springframework.boot.autoconfigure.cache.CacheProperties' of type [org.springframework.boot.autoconfigure.cache.CacheProperties] is not eligible for getting processed by all BeanPostProcessors (for example: not eligible for auto-proxying)
2018-05-25 18:15:19.839 [restartedMain] INFO  o.s.c.s.PostProcessorRegistrationDelegate$BeanPostProcessorChecker - Bean 'cacheManagerCustomizers' of type [org.springframework.boot.autoconfigure.cache.CacheManagerCustomizers] is not eligible for getting processed by all BeanPostProcessors (for example: not eligible for auto-proxying)
2018-05-25 18:15:19.857 [restartedMain] INFO  o.s.c.s.PostProcessorRegistrationDelegate$BeanPostProcessorChecker - Bean 'org.springframework.boot.autoconfigure.cache.SimpleCacheConfiguration' of type [org.springframework.boot.autoconfigure.cache.SimpleCacheConfiguration$$EnhancerBySpringCGLIB$$d48463f9] is not eligible for getting processed by all BeanPostProcessors (for example: not eligible for auto-proxying)
2018-05-25 18:15:19.902 [restartedMain] INFO  o.s.c.s.PostProcessorRegistrationDelegate$BeanPostProcessorChecker - Bean 'cacheManager' of type [org.springframework.cache.concurrent.ConcurrentMapCacheManager] is not eligible for getting processed by all BeanPostProcessors (for example: not eligible for auto-proxying)
2018-05-25 18:15:19.902 [restartedMain] INFO  o.s.c.s.PostProcessorRegistrationDelegate$BeanPostProcessorChecker - Bean 'cacheAutoConfigurationValidator' of type [org.springframework.boot.autoconfigure.cache.CacheAutoConfiguration$CacheManagerValidator] is not eligible for getting processed by all BeanPostProcessors (for example: not eligible for auto-proxying)
2018-05-25 18:15:20.673 [restartedMain] INFO  o.s.b.c.e.tomcat.TomcatEmbeddedServletContainer - Tomcat initialized with port(s): 8090 (http)
2018-05-25 18:15:20.732 [restartedMain] INFO  org.apache.catalina.core.StandardService - Starting service [Tomcat]
2018-05-25 18:15:20.737 [restartedMain] INFO  org.apache.catalina.core.StandardEngine - Starting Servlet Engine: Apache Tomcat/8.5.15
2018-05-25 18:15:21.279 [localhost-startStop-1] INFO  o.a.c.core.ContainerBase.[Tomcat].[localhost].[/] - Initializing Spring embedded WebApplicationContext
2018-05-25 18:15:21.279 [localhost-startStop-1] INFO  org.springframework.web.context.ContextLoader - Root WebApplicationContext: initialization completed in 3994 ms
2018-05-25 18:15:21.834 [localhost-startStop-1] INFO  o.s.boot.web.servlet.ServletRegistrationBean - Mapping servlet: 'dispatcherServlet' to [/]
2018-05-25 18:15:21.845 [localhost-startStop-1] INFO  o.s.boot.web.servlet.FilterRegistrationBean - Mapping filter: 'characterEncodingFilter' to: [/*]
2018-05-25 18:15:21.846 [localhost-startStop-1] INFO  o.s.boot.web.servlet.FilterRegistrationBean - Mapping filter: 'hiddenHttpMethodFilter' to: [/*]
2018-05-25 18:15:21.848 [localhost-startStop-1] INFO  o.s.boot.web.servlet.FilterRegistrationBean - Mapping filter: 'httpPutFormContentFilter' to: [/*]
2018-05-25 18:15:21.848 [localhost-startStop-1] INFO  o.s.boot.web.servlet.FilterRegistrationBean - Mapping filter: 'requestContextFilter' to: [/*]
2018-05-25 18:15:22.379 [restartedMain] INFO  com.dlw.study.config.MqProducerConfig - nameserver地址:127.0.0.1:9876,生产者组名称:devProducerGroup,生产者实列名称:devProducer1
2018-05-25 18:15:24.701 [restartedMain] INFO  org.springframework.cloud.commons.util.InetUtils - Cannot determine local hostname
2018-05-25 18:15:25.359 [restartedMain] INFO  o.s.w.s.m.m.a.RequestMappingHandlerAdapter - Looking for @ControllerAdvice: org.springframework.boot.context.embedded.AnnotationConfigEmbeddedWebApplicationContext@58b48fbc: startup date [Fri May 25 18:15:17 CST 2018]; parent: org.springframework.context.annotation.AnnotationConfigApplicationContext@6981fec7
2018-05-25 18:15:25.459 [restartedMain] INFO  o.s.w.s.m.m.a.RequestMappingHandlerMapping - Mapped "{[/produce/message],methods=[POST],produces=[application/json;charset=UTF-8]}" onto public com.dlw.study.model.CommonResponse com.dlw.study.controller.ProduceMessageController.send(com.dlw.study.model.CommonMessage)
2018-05-25 18:15:25.462 [restartedMain] INFO  o.s.w.s.m.m.a.RequestMappingHandlerMapping - Mapped "{[/error]}" onto public org.springframework.http.ResponseEntity<java.util.Map<java.lang.String, java.lang.Object>> org.springframework.boot.autoconfigure.web.BasicErrorController.error(javax.servlet.http.HttpServletRequest)
2018-05-25 18:15:25.463 [restartedMain] INFO  o.s.w.s.m.m.a.RequestMappingHandlerMapping - Mapped "{[/error],produces=[text/html]}" onto public org.springframework.web.servlet.ModelAndView org.springframework.boot.autoconfigure.web.BasicErrorController.errorHtml(javax.servlet.http.HttpServletRequest,javax.servlet.http.HttpServletResponse)
2018-05-25 18:15:25.568 [restartedMain] INFO  o.s.web.servlet.handler.SimpleUrlHandlerMapping - Mapped URL path [/webjars/**] onto handler of type [class org.springframework.web.servlet.resource.ResourceHttpRequestHandler]
2018-05-25 18:15:25.569 [restartedMain] INFO  o.s.web.servlet.handler.SimpleUrlHandlerMapping - Mapped URL path [/**] onto handler of type [class org.springframework.web.servlet.resource.ResourceHttpRequestHandler]
2018-05-25 18:15:25.736 [restartedMain] INFO  o.s.web.servlet.handler.SimpleUrlHandlerMapping - Mapped URL path [/**/favicon.ico] onto handler of type [class org.springframework.web.servlet.resource.ResourceHttpRequestHandler]
2018-05-25 18:15:26.849 [restartedMain] WARN  o.s.b.d.autoconfigure.OptionalLiveReloadServer - Unable to start LiveReload server
2018-05-25 18:15:27.252 [restartedMain] WARN  com.netflix.config.sources.URLConfigurationSource - No URLs will be polled as dynamic configuration sources.
2018-05-25 18:15:27.252 [restartedMain] INFO  com.netflix.config.sources.URLConfigurationSource - To enable URLs as dynamic configuration sources, define System property archaius.configurationSource.additionalUrls or make config.properties available on classpath.
2018-05-25 18:15:27.258 [restartedMain] WARN  com.netflix.config.sources.URLConfigurationSource - No URLs will be polled as dynamic configuration sources.
2018-05-25 18:15:27.259 [restartedMain] INFO  com.netflix.config.sources.URLConfigurationSource - To enable URLs as dynamic configuration sources, define System property archaius.configurationSource.additionalUrls or make config.properties available on classpath.
2018-05-25 18:15:27.655 [restartedMain] INFO  o.s.jmx.export.annotation.AnnotationMBeanExporter - Registering beans for JMX exposure on startup
2018-05-25 18:15:27.668 [restartedMain] INFO  o.s.jmx.export.annotation.AnnotationMBeanExporter - Bean with name 'environmentManager' has been autodetected for JMX exposure
2018-05-25 18:15:27.670 [restartedMain] INFO  o.s.jmx.export.annotation.AnnotationMBeanExporter - Bean with name 'configurationPropertiesRebinder' has been autodetected for JMX exposure
2018-05-25 18:15:27.671 [restartedMain] INFO  o.s.jmx.export.annotation.AnnotationMBeanExporter - Bean with name 'refreshScope' has been autodetected for JMX exposure
2018-05-25 18:15:27.677 [restartedMain] INFO  o.s.jmx.export.annotation.AnnotationMBeanExporter - Located managed bean 'environmentManager': registering with JMX server as MBean [org.springframework.cloud.context.environment:name=environmentManager,type=EnvironmentManager]
2018-05-25 18:15:27.707 [restartedMain] INFO  o.s.jmx.export.annotation.AnnotationMBeanExporter - Located managed bean 'refreshScope': registering with JMX server as MBean [org.springframework.cloud.context.scope.refresh:name=refreshScope,type=RefreshScope]
2018-05-25 18:15:27.725 [restartedMain] INFO  o.s.jmx.export.annotation.AnnotationMBeanExporter - Located managed bean 'configurationPropertiesRebinder': registering with JMX server as MBean [org.springframework.cloud.context.properties:name=configurationPropertiesRebinder,context=58b48fbc,type=ConfigurationPropertiesRebinder]
2018-05-25 18:15:27.977 [restartedMain] INFO  o.s.context.support.DefaultLifecycleProcessor - Starting beans in phase 0
2018-05-25 18:15:27.989 [restartedMain] INFO  o.s.cloud.netflix.eureka.InstanceInfoFactory - Setting initial instance status as: STARTING
2018-05-25 18:15:28.057 [restartedMain] INFO  com.netflix.discovery.DiscoveryClient - Initializing Eureka in region us-east-1
2018-05-25 18:15:28.057 [restartedMain] INFO  com.netflix.discovery.DiscoveryClient - Client configured to neither register nor query for data.
2018-05-25 18:15:28.064 [restartedMain] INFO  com.netflix.discovery.DiscoveryClient - Discovery Client initialized at timestamp 1527243328064 with initial instances count: 0
2018-05-25 18:15:28.101 [restartedMain] INFO  o.s.c.n.e.serviceregistry.EurekaServiceRegistry - Registering application mq-consumer-server with eureka with status UP
2018-05-25 18:15:28.116 [restartedMain] INFO  org.apache.coyote.http11.Http11NioProtocol - Initializing ProtocolHandler ["http-nio-8090"]
2018-05-25 18:15:28.125 [restartedMain] INFO  org.apache.coyote.http11.Http11NioProtocol - Starting ProtocolHandler ["http-nio-8090"]
2018-05-25 18:15:28.127 [restartedMain] INFO  org.apache.tomcat.util.net.NioSelectorPool - Using a shared selector for servlet write/read
2018-05-25 18:15:28.144 [restartedMain] INFO  o.s.b.c.e.tomcat.TomcatEmbeddedServletContainer - Tomcat started on port(s): 8090 (http)
2018-05-25 18:15:28.145 [restartedMain] INFO  o.s.c.n.e.s.EurekaAutoServiceRegistration - Updating port to 8090
2018-05-25 18:15:28.149 [restartedMain] INFO  com.dlw.study.MqProducerApplication - Started MqProducerApplication in 16.75 seconds (JVM running for 20.566)
2018-05-25 18:19:39.030 [main] INFO  o.s.c.a.AnnotationConfigApplicationContext - Refreshing org.springframework.context.annotation.AnnotationConfigApplicationContext@666b83a4: startup date [Fri May 25 18:19:39 CST 2018]; root of context hierarchy
2018-05-25 18:19:40.161 [main] INFO  o.s.b.f.a.AutowiredAnnotationBeanPostProcessor - JSR-330 'javax.inject.Inject' annotation found and supported for autowiring
2018-05-25 18:19:40.323 [background-preinit] INFO  org.hibernate.validator.internal.util.Version - HV000001: Hibernate Validator 5.3.5.Final
2018-05-25 18:19:40.329 [main] INFO  o.s.c.s.PostProcessorRegistrationDelegate$BeanPostProcessorChecker - Bean 'configurationPropertiesRebinderAutoConfiguration' of type [org.springframework.cloud.autoconfigure.ConfigurationPropertiesRebinderAutoConfiguration$$EnhancerBySpringCGLIB$$91922f8b] is not eligible for getting processed by all BeanPostProcessors (for example: not eligible for auto-proxying)
2018-05-25 18:19:43.264 [main] INFO  com.dlw.study.ProducerTest - No active profile set, falling back to default profiles: default
2018-05-25 18:19:43.267 [main] INFO  o.s.w.context.support.GenericWebApplicationContext - Refreshing org.springframework.web.context.support.GenericWebApplicationContext@2dddc1b9: startup date [Fri May 25 18:19:43 CST 2018]; parent: org.springframework.context.annotation.AnnotationConfigApplicationContext@666b83a4
2018-05-25 18:19:44.837 [main] INFO  o.springframework.cloud.context.scope.GenericScope - BeanFactory id=c0d8d93e-4f3b-3419-b390-353e0e3eec16
2018-05-25 18:19:44.983 [main] INFO  o.s.b.f.a.AutowiredAnnotationBeanPostProcessor - JSR-330 'javax.inject.Inject' annotation found and supported for autowiring
2018-05-25 18:19:45.192 [main] INFO  o.s.c.s.PostProcessorRegistrationDelegate$BeanPostProcessorChecker - Bean 'org.springframework.cloud.autoconfigure.ConfigurationPropertiesRebinderAutoConfiguration' of type [org.springframework.cloud.autoconfigure.ConfigurationPropertiesRebinderAutoConfiguration$$EnhancerBySpringCGLIB$$91922f8b] is not eligible for getting processed by all BeanPostProcessors (for example: not eligible for auto-proxying)
2018-05-25 18:19:45.306 [main] INFO  o.s.c.s.PostProcessorRegistrationDelegate$BeanPostProcessorChecker - Bean 'org.springframework.cache.annotation.ProxyCachingConfiguration' of type [org.springframework.cache.annotation.ProxyCachingConfiguration$$EnhancerBySpringCGLIB$$be8a62ac] is not eligible for getting processed by all BeanPostProcessors (for example: not eligible for auto-proxying)
2018-05-25 18:19:45.339 [main] INFO  o.s.c.s.PostProcessorRegistrationDelegate$BeanPostProcessorChecker - Bean 'org.springframework.boot.autoconfigure.cache.CacheAutoConfiguration' of type [org.springframework.boot.autoconfigure.cache.CacheAutoConfiguration$$EnhancerBySpringCGLIB$$b2fe2750] is not eligible for getting processed by all BeanPostProcessors (for example: not eligible for auto-proxying)
2018-05-25 18:19:45.418 [main] INFO  o.s.c.s.PostProcessorRegistrationDelegate$BeanPostProcessorChecker - Bean 'spring.cache-org.springframework.boot.autoconfigure.cache.CacheProperties' of type [org.springframework.boot.autoconfigure.cache.CacheProperties] is not eligible for getting processed by all BeanPostProcessors (for example: not eligible for auto-proxying)
2018-05-25 18:19:45.515 [main] INFO  o.s.c.s.PostProcessorRegistrationDelegate$BeanPostProcessorChecker - Bean 'cacheManagerCustomizers' of type [org.springframework.boot.autoconfigure.cache.CacheManagerCustomizers] is not eligible for getting processed by all BeanPostProcessors (for example: not eligible for auto-proxying)
2018-05-25 18:19:45.527 [main] INFO  o.s.c.s.PostProcessorRegistrationDelegate$BeanPostProcessorChecker - Bean 'org.springframework.boot.autoconfigure.cache.SimpleCacheConfiguration' of type [org.springframework.boot.autoconfigure.cache.SimpleCacheConfiguration$$EnhancerBySpringCGLIB$$54999a31] is not eligible for getting processed by all BeanPostProcessors (for example: not eligible for auto-proxying)
2018-05-25 18:19:45.559 [main] INFO  o.s.c.s.PostProcessorRegistrationDelegate$BeanPostProcessorChecker - Bean 'cacheManager' of type [org.springframework.cache.concurrent.ConcurrentMapCacheManager] is not eligible for getting processed by all BeanPostProcessors (for example: not eligible for auto-proxying)
2018-05-25 18:19:45.560 [main] INFO  o.s.c.s.PostProcessorRegistrationDelegate$BeanPostProcessorChecker - Bean 'cacheAutoConfigurationValidator' of type [org.springframework.boot.autoconfigure.cache.CacheAutoConfiguration$CacheManagerValidator] is not eligible for getting processed by all BeanPostProcessors (for example: not eligible for auto-proxying)
2018-05-25 18:19:45.882 [main] INFO  com.dlw.study.config.MqProducerConfig - nameserver地址:127.0.0.1:9876,生产者组名称:devProducerGroup,生产者实列名称:devProducer1
2018-05-25 18:19:48.412 [main] INFO  org.springframework.cloud.commons.util.InetUtils - Cannot determine local hostname
2018-05-25 18:19:50.664 [main] INFO  o.s.w.s.m.m.a.RequestMappingHandlerAdapter - Looking for @ControllerAdvice: org.springframework.web.context.support.GenericWebApplicationContext@2dddc1b9: startup date [Fri May 25 18:19:43 CST 2018]; parent: org.springframework.context.annotation.AnnotationConfigApplicationContext@666b83a4
2018-05-25 18:19:51.427 [main] INFO  o.s.w.s.m.m.a.RequestMappingHandlerMapping - Mapped "{[/produce/message],methods=[POST],produces=[application/json;charset=UTF-8]}" onto public com.dlw.study.model.CommonResponse com.dlw.study.controller.ProduceMessageController.send(com.dlw.study.model.CommonMessage)
2018-05-25 18:19:51.430 [main] INFO  o.s.w.s.m.m.a.RequestMappingHandlerMapping - Mapped "{[/error]}" onto public org.springframework.http.ResponseEntity<java.util.Map<java.lang.String, java.lang.Object>> org.springframework.boot.autoconfigure.web.BasicErrorController.error(javax.servlet.http.HttpServletRequest)
2018-05-25 18:19:51.431 [main] INFO  o.s.w.s.m.m.a.RequestMappingHandlerMapping - Mapped "{[/error],produces=[text/html]}" onto public org.springframework.web.servlet.ModelAndView org.springframework.boot.autoconfigure.web.BasicErrorController.errorHtml(javax.servlet.http.HttpServletRequest,javax.servlet.http.HttpServletResponse)
2018-05-25 18:19:51.706 [main] INFO  o.s.web.servlet.handler.SimpleUrlHandlerMapping - Mapped URL path [/webjars/**] onto handler of type [class org.springframework.web.servlet.resource.ResourceHttpRequestHandler]
2018-05-25 18:19:51.706 [main] INFO  o.s.web.servlet.handler.SimpleUrlHandlerMapping - Mapped URL path [/**] onto handler of type [class org.springframework.web.servlet.resource.ResourceHttpRequestHandler]
2018-05-25 18:19:52.297 [main] INFO  o.s.web.servlet.handler.SimpleUrlHandlerMapping - Mapped URL path [/**/favicon.ico] onto handler of type [class org.springframework.web.servlet.resource.ResourceHttpRequestHandler]
2018-05-25 18:19:53.975 [main] WARN  com.netflix.config.sources.URLConfigurationSource - No URLs will be polled as dynamic configuration sources.
2018-05-25 18:19:53.975 [main] INFO  com.netflix.config.sources.URLConfigurationSource - To enable URLs as dynamic configuration sources, define System property archaius.configurationSource.additionalUrls or make config.properties available on classpath.
2018-05-25 18:19:54.032 [main] WARN  com.netflix.config.sources.URLConfigurationSource - No URLs will be polled as dynamic configuration sources.
2018-05-25 18:19:54.032 [main] INFO  com.netflix.config.sources.URLConfigurationSource - To enable URLs as dynamic configuration sources, define System property archaius.configurationSource.additionalUrls or make config.properties available on classpath.
2018-05-25 18:19:55.476 [main] INFO  o.s.context.support.DefaultLifecycleProcessor - Starting beans in phase 0
2018-05-25 18:19:55.576 [main] INFO  com.dlw.study.ProducerTest - Started ProducerTest in 21.826 seconds (JVM running for 25.886)
2018-05-25 18:19:56.065 [main] INFO  com.dlw.study.service.impl.MqServiceImpl - 生产：{"operate":null,"point":[{"code":"cd001","type":"1"}],"supplier":"001"}
2018-05-25 18:19:56.172 [Thread-9] INFO  o.s.w.context.support.GenericWebApplicationContext - Closing org.springframework.web.context.support.GenericWebApplicationContext@2dddc1b9: startup date [Fri May 25 18:19:43 CST 2018]; parent: org.springframework.context.annotation.AnnotationConfigApplicationContext@666b83a4
2018-05-25 18:19:56.196 [Thread-9] INFO  o.s.cloud.netflix.eureka.InstanceInfoFactory - Setting initial instance status as: STARTING
2018-05-25 18:19:56.220 [Thread-9] INFO  o.s.c.n.e.serviceregistry.EurekaServiceRegistry - Unregistering application mq-consumer-server with eureka with status DOWN
2018-05-25 18:19:56.396 [Thread-9] INFO  com.netflix.discovery.DiscoveryClient - Initializing Eureka in region us-east-1
2018-05-25 18:19:56.396 [Thread-9] INFO  com.netflix.discovery.DiscoveryClient - Client configured to neither register nor query for data.
2018-05-25 18:19:56.423 [Thread-9] INFO  com.netflix.discovery.DiscoveryClient - Discovery Client initialized at timestamp 1527243596423 with initial instances count: 0
2018-05-25 18:19:56.566 [Thread-9] INFO  com.netflix.discovery.DiscoveryClient - Shutting down DiscoveryClient ...
2018-05-25 18:19:56.566 [Thread-9] INFO  com.netflix.discovery.DiscoveryClient - Completed shut down of DiscoveryClient
2018-05-25 18:19:56.567 [Thread-9] INFO  o.s.context.support.DefaultLifecycleProcessor - Stopping beans in phase 0
2018-05-25 18:33:24.736 [main] INFO  o.s.c.a.AnnotationConfigApplicationContext - Refreshing org.springframework.context.annotation.AnnotationConfigApplicationContext@5bfa8cc5: startup date [Fri May 25 18:33:24 CST 2018]; root of context hierarchy
2018-05-25 18:33:25.654 [background-preinit] INFO  org.hibernate.validator.internal.util.Version - HV000001: Hibernate Validator 5.3.5.Final
2018-05-25 18:33:26.036 [main] INFO  o.s.b.f.a.AutowiredAnnotationBeanPostProcessor - JSR-330 'javax.inject.Inject' annotation found and supported for autowiring
2018-05-25 18:33:26.308 [main] INFO  o.s.c.s.PostProcessorRegistrationDelegate$BeanPostProcessorChecker - Bean 'configurationPropertiesRebinderAutoConfiguration' of type [org.springframework.cloud.autoconfigure.ConfigurationPropertiesRebinderAutoConfiguration$$EnhancerBySpringCGLIB$$8ce6617f] is not eligible for getting processed by all BeanPostProcessors (for example: not eligible for auto-proxying)
2018-05-25 18:33:29.906 [main] INFO  com.dlw.study.ProducerTest - No active profile set, falling back to default profiles: default
2018-05-25 18:33:29.909 [main] INFO  o.s.w.context.support.GenericWebApplicationContext - Refreshing org.springframework.web.context.support.GenericWebApplicationContext@288cdaab: startup date [Fri May 25 18:33:29 CST 2018]; parent: org.springframework.context.annotation.AnnotationConfigApplicationContext@5bfa8cc5
2018-05-25 18:33:34.772 [main] INFO  o.springframework.cloud.context.scope.GenericScope - BeanFactory id=c0d8d93e-4f3b-3419-b390-353e0e3eec16
2018-05-25 18:33:35.411 [main] INFO  o.s.b.f.a.AutowiredAnnotationBeanPostProcessor - JSR-330 'javax.inject.Inject' annotation found and supported for autowiring
2018-05-25 18:33:35.662 [main] INFO  o.s.c.s.PostProcessorRegistrationDelegate$BeanPostProcessorChecker - Bean 'org.springframework.cloud.autoconfigure.ConfigurationPropertiesRebinderAutoConfiguration' of type [org.springframework.cloud.autoconfigure.ConfigurationPropertiesRebinderAutoConfiguration$$EnhancerBySpringCGLIB$$8ce6617f] is not eligible for getting processed by all BeanPostProcessors (for example: not eligible for auto-proxying)
2018-05-25 18:33:35.702 [main] INFO  o.s.c.s.PostProcessorRegistrationDelegate$BeanPostProcessorChecker - Bean 'org.springframework.cache.annotation.ProxyCachingConfiguration' of type [org.springframework.cache.annotation.ProxyCachingConfiguration$$EnhancerBySpringCGLIB$$b9de94a0] is not eligible for getting processed by all BeanPostProcessors (for example: not eligible for auto-proxying)
2018-05-25 18:33:35.748 [main] INFO  o.s.c.s.PostProcessorRegistrationDelegate$BeanPostProcessorChecker - Bean 'org.springframework.boot.autoconfigure.cache.CacheAutoConfiguration' of type [org.springframework.boot.autoconfigure.cache.CacheAutoConfiguration$$EnhancerBySpringCGLIB$$ae525944] is not eligible for getting processed by all BeanPostProcessors (for example: not eligible for auto-proxying)
2018-05-25 18:33:35.769 [main] INFO  o.s.c.s.PostProcessorRegistrationDelegate$BeanPostProcessorChecker - Bean 'spring.cache-org.springframework.boot.autoconfigure.cache.CacheProperties' of type [org.springframework.boot.autoconfigure.cache.CacheProperties] is not eligible for getting processed by all BeanPostProcessors (for example: not eligible for auto-proxying)
2018-05-25 18:33:35.780 [main] INFO  o.s.c.s.PostProcessorRegistrationDelegate$BeanPostProcessorChecker - Bean 'cacheManagerCustomizers' of type [org.springframework.boot.autoconfigure.cache.CacheManagerCustomizers] is not eligible for getting processed by all BeanPostProcessors (for example: not eligible for auto-proxying)
2018-05-25 18:33:35.785 [main] INFO  o.s.c.s.PostProcessorRegistrationDelegate$BeanPostProcessorChecker - Bean 'org.springframework.boot.autoconfigure.cache.SimpleCacheConfiguration' of type [org.springframework.boot.autoconfigure.cache.SimpleCacheConfiguration$$EnhancerBySpringCGLIB$$4fedcc25] is not eligible for getting processed by all BeanPostProcessors (for example: not eligible for auto-proxying)
2018-05-25 18:33:35.833 [main] INFO  o.s.c.s.PostProcessorRegistrationDelegate$BeanPostProcessorChecker - Bean 'cacheManager' of type [org.springframework.cache.concurrent.ConcurrentMapCacheManager] is not eligible for getting processed by all BeanPostProcessors (for example: not eligible for auto-proxying)
2018-05-25 18:33:35.836 [main] INFO  o.s.c.s.PostProcessorRegistrationDelegate$BeanPostProcessorChecker - Bean 'cacheAutoConfigurationValidator' of type [org.springframework.boot.autoconfigure.cache.CacheAutoConfiguration$CacheManagerValidator] is not eligible for getting processed by all BeanPostProcessors (for example: not eligible for auto-proxying)
2018-05-25 18:33:36.038 [main] INFO  com.dlw.study.config.MqProducerConfig - nameserver地址:127.0.0.1:9876,生产者组名称:devProducerGroup,生产者实列名称:devProducer1
2018-05-25 18:33:50.867 [main] INFO  org.springframework.cloud.commons.util.InetUtils - Cannot determine local hostname
2018-05-25 18:33:53.740 [main] INFO  o.s.w.s.m.m.a.RequestMappingHandlerAdapter - Looking for @ControllerAdvice: org.springframework.web.context.support.GenericWebApplicationContext@288cdaab: startup date [Fri May 25 18:33:29 CST 2018]; parent: org.springframework.context.annotation.AnnotationConfigApplicationContext@5bfa8cc5
2018-05-25 18:33:54.078 [main] INFO  o.s.w.s.m.m.a.RequestMappingHandlerMapping - Mapped "{[/produce/message],methods=[POST],produces=[application/json;charset=UTF-8]}" onto public com.dlw.study.model.CommonResponse com.dlw.study.controller.ProduceMessageController.send(com.dlw.study.model.CommonMessage)
2018-05-25 18:33:54.080 [main] INFO  o.s.w.s.m.m.a.RequestMappingHandlerMapping - Mapped "{[/error]}" onto public org.springframework.http.ResponseEntity<java.util.Map<java.lang.String, java.lang.Object>> org.springframework.boot.autoconfigure.web.BasicErrorController.error(javax.servlet.http.HttpServletRequest)
2018-05-25 18:33:54.080 [main] INFO  o.s.w.s.m.m.a.RequestMappingHandlerMapping - Mapped "{[/error],produces=[text/html]}" onto public org.springframework.web.servlet.ModelAndView org.springframework.boot.autoconfigure.web.BasicErrorController.errorHtml(javax.servlet.http.HttpServletRequest,javax.servlet.http.HttpServletResponse)
2018-05-25 18:33:54.161 [main] INFO  o.s.web.servlet.handler.SimpleUrlHandlerMapping - Mapped URL path [/webjars/**] onto handler of type [class org.springframework.web.servlet.resource.ResourceHttpRequestHandler]
2018-05-25 18:33:54.161 [main] INFO  o.s.web.servlet.handler.SimpleUrlHandlerMapping - Mapped URL path [/**] onto handler of type [class org.springframework.web.servlet.resource.ResourceHttpRequestHandler]
2018-05-25 18:33:54.247 [main] INFO  o.s.web.servlet.handler.SimpleUrlHandlerMapping - Mapped URL path [/**/favicon.ico] onto handler of type [class org.springframework.web.servlet.resource.ResourceHttpRequestHandler]
2018-05-25 18:33:55.074 [main] WARN  com.netflix.config.sources.URLConfigurationSource - No URLs will be polled as dynamic configuration sources.
2018-05-25 18:33:55.075 [main] INFO  com.netflix.config.sources.URLConfigurationSource - To enable URLs as dynamic configuration sources, define System property archaius.configurationSource.additionalUrls or make config.properties available on classpath.
2018-05-25 18:33:55.083 [main] WARN  com.netflix.config.sources.URLConfigurationSource - No URLs will be polled as dynamic configuration sources.
2018-05-25 18:33:55.083 [main] INFO  com.netflix.config.sources.URLConfigurationSource - To enable URLs as dynamic configuration sources, define System property archaius.configurationSource.additionalUrls or make config.properties available on classpath.
2018-05-25 18:33:55.377 [main] INFO  o.s.context.support.DefaultLifecycleProcessor - Starting beans in phase 0
2018-05-25 18:33:55.395 [main] INFO  com.dlw.study.ProducerTest - Started ProducerTest in 33.432 seconds (JVM running for 36.624)
2018-05-25 18:51:02.777 [restartedMain] INFO  o.s.c.a.AnnotationConfigApplicationContext - Refreshing org.springframework.context.annotation.AnnotationConfigApplicationContext@196473d5: startup date [Fri May 25 18:51:02 CST 2018]; root of context hierarchy
2018-05-25 18:51:02.894 [background-preinit] INFO  org.hibernate.validator.internal.util.Version - HV000001: Hibernate Validator 5.3.5.Final
2018-05-25 18:51:03.043 [restartedMain] INFO  o.s.b.f.a.AutowiredAnnotationBeanPostProcessor - JSR-330 'javax.inject.Inject' annotation found and supported for autowiring
2018-05-25 18:51:03.103 [restartedMain] INFO  o.s.c.s.PostProcessorRegistrationDelegate$BeanPostProcessorChecker - Bean 'configurationPropertiesRebinderAutoConfiguration' of type [org.springframework.cloud.autoconfigure.ConfigurationPropertiesRebinderAutoConfiguration$$EnhancerBySpringCGLIB$$e99ea592] is not eligible for getting processed by all BeanPostProcessors (for example: not eligible for auto-proxying)
2018-05-25 18:51:04.672 [restartedMain] INFO  com.dlw.study.MqProducerApplication - No active profile set, falling back to default profiles: default
2018-05-25 18:51:04.687 [restartedMain] INFO  o.s.b.c.e.AnnotationConfigEmbeddedWebApplicationContext - Refreshing org.springframework.boot.context.embedded.AnnotationConfigEmbeddedWebApplicationContext@5835b907: startup date [Fri May 25 18:51:04 CST 2018]; parent: org.springframework.context.annotation.AnnotationConfigApplicationContext@196473d5
2018-05-25 18:51:06.380 [restartedMain] INFO  o.springframework.cloud.context.scope.GenericScope - BeanFactory id=e4b0b8f5-a756-3c70-ae2b-c5f2bf537d53
2018-05-25 18:51:06.406 [restartedMain] INFO  o.s.b.f.a.AutowiredAnnotationBeanPostProcessor - JSR-330 'javax.inject.Inject' annotation found and supported for autowiring
2018-05-25 18:51:06.512 [restartedMain] INFO  o.s.c.s.PostProcessorRegistrationDelegate$BeanPostProcessorChecker - Bean 'org.springframework.cloud.autoconfigure.ConfigurationPropertiesRebinderAutoConfiguration' of type [org.springframework.cloud.autoconfigure.ConfigurationPropertiesRebinderAutoConfiguration$$EnhancerBySpringCGLIB$$e99ea592] is not eligible for getting processed by all BeanPostProcessors (for example: not eligible for auto-proxying)
2018-05-25 18:51:06.522 [restartedMain] INFO  o.s.c.s.PostProcessorRegistrationDelegate$BeanPostProcessorChecker - Bean 'org.springframework.cache.annotation.ProxyCachingConfiguration' of type [org.springframework.cache.annotation.ProxyCachingConfiguration$$EnhancerBySpringCGLIB$$1696d8b3] is not eligible for getting processed by all BeanPostProcessors (for example: not eligible for auto-proxying)
2018-05-25 18:51:06.539 [restartedMain] INFO  o.s.c.s.PostProcessorRegistrationDelegate$BeanPostProcessorChecker - Bean 'org.springframework.boot.autoconfigure.cache.CacheAutoConfiguration' of type [org.springframework.boot.autoconfigure.cache.CacheAutoConfiguration$$EnhancerBySpringCGLIB$$b0a9d57] is not eligible for getting processed by all BeanPostProcessors (for example: not eligible for auto-proxying)
2018-05-25 18:51:06.559 [restartedMain] INFO  o.s.c.s.PostProcessorRegistrationDelegate$BeanPostProcessorChecker - Bean 'spring.cache-org.springframework.boot.autoconfigure.cache.CacheProperties' of type [org.springframework.boot.autoconfigure.cache.CacheProperties] is not eligible for getting processed by all BeanPostProcessors (for example: not eligible for auto-proxying)
2018-05-25 18:51:06.565 [restartedMain] INFO  o.s.c.s.PostProcessorRegistrationDelegate$BeanPostProcessorChecker - Bean 'cacheManagerCustomizers' of type [org.springframework.boot.autoconfigure.cache.CacheManagerCustomizers] is not eligible for getting processed by all BeanPostProcessors (for example: not eligible for auto-proxying)
2018-05-25 18:51:06.569 [restartedMain] INFO  o.s.c.s.PostProcessorRegistrationDelegate$BeanPostProcessorChecker - Bean 'org.springframework.boot.autoconfigure.cache.SimpleCacheConfiguration' of type [org.springframework.boot.autoconfigure.cache.SimpleCacheConfiguration$$EnhancerBySpringCGLIB$$aca61038] is not eligible for getting processed by all BeanPostProcessors (for example: not eligible for auto-proxying)
2018-05-25 18:51:06.577 [restartedMain] INFO  o.s.c.s.PostProcessorRegistrationDelegate$BeanPostProcessorChecker - Bean 'cacheManager' of type [org.springframework.cache.concurrent.ConcurrentMapCacheManager] is not eligible for getting processed by all BeanPostProcessors (for example: not eligible for auto-proxying)
2018-05-25 18:51:06.578 [restartedMain] INFO  o.s.c.s.PostProcessorRegistrationDelegate$BeanPostProcessorChecker - Bean 'cacheAutoConfigurationValidator' of type [org.springframework.boot.autoconfigure.cache.CacheAutoConfiguration$CacheManagerValidator] is not eligible for getting processed by all BeanPostProcessors (for example: not eligible for auto-proxying)
2018-05-25 18:51:07.198 [restartedMain] INFO  o.s.b.c.e.tomcat.TomcatEmbeddedServletContainer - Tomcat initialized with port(s): 8090 (http)
2018-05-25 18:51:07.211 [restartedMain] INFO  org.apache.catalina.core.StandardService - Starting service [Tomcat]
2018-05-25 18:51:07.213 [restartedMain] INFO  org.apache.catalina.core.StandardEngine - Starting Servlet Engine: Apache Tomcat/8.5.15
2018-05-25 18:51:07.379 [localhost-startStop-1] INFO  o.a.c.core.ContainerBase.[Tomcat].[localhost].[/] - Initializing Spring embedded WebApplicationContext
2018-05-25 18:51:07.379 [localhost-startStop-1] INFO  org.springframework.web.context.ContextLoader - Root WebApplicationContext: initialization completed in 2692 ms
2018-05-25 18:51:07.613 [localhost-startStop-1] INFO  o.s.boot.web.servlet.ServletRegistrationBean - Mapping servlet: 'dispatcherServlet' to [/]
2018-05-25 18:51:07.618 [localhost-startStop-1] INFO  o.s.boot.web.servlet.FilterRegistrationBean - Mapping filter: 'characterEncodingFilter' to: [/*]
2018-05-25 18:51:07.618 [localhost-startStop-1] INFO  o.s.boot.web.servlet.FilterRegistrationBean - Mapping filter: 'hiddenHttpMethodFilter' to: [/*]
2018-05-25 18:51:07.619 [localhost-startStop-1] INFO  o.s.boot.web.servlet.FilterRegistrationBean - Mapping filter: 'httpPutFormContentFilter' to: [/*]
2018-05-25 18:51:07.619 [localhost-startStop-1] INFO  o.s.boot.web.servlet.FilterRegistrationBean - Mapping filter: 'requestContextFilter' to: [/*]
2018-05-25 18:51:07.769 [restartedMain] INFO  com.dlw.study.config.MqProducerConfig - nameserver地址:127.0.0.1:9876,生产者组名称:devProducerGroup,生产者实列名称:devProducer1
2018-05-25 18:51:09.467 [restartedMain] INFO  org.springframework.cloud.commons.util.InetUtils - Cannot determine local hostname
2018-05-25 18:51:09.981 [restartedMain] INFO  o.s.w.s.m.m.a.RequestMappingHandlerAdapter - Looking for @ControllerAdvice: org.springframework.boot.context.embedded.AnnotationConfigEmbeddedWebApplicationContext@5835b907: startup date [Fri May 25 18:51:04 CST 2018]; parent: org.springframework.context.annotation.AnnotationConfigApplicationContext@196473d5
2018-05-25 18:51:10.046 [restartedMain] INFO  o.s.w.s.m.m.a.RequestMappingHandlerMapping - Mapped "{[/produce/message],methods=[POST],produces=[application/json;charset=UTF-8]}" onto public com.dlw.study.model.CommonResponse com.dlw.study.controller.ProduceMessageController.send(com.dlw.study.model.CommonMessage)
2018-05-25 18:51:10.048 [restartedMain] INFO  o.s.w.s.m.m.a.RequestMappingHandlerMapping - Mapped "{[/error]}" onto public org.springframework.http.ResponseEntity<java.util.Map<java.lang.String, java.lang.Object>> org.springframework.boot.autoconfigure.web.BasicErrorController.error(javax.servlet.http.HttpServletRequest)
2018-05-25 18:51:10.048 [restartedMain] INFO  o.s.w.s.m.m.a.RequestMappingHandlerMapping - Mapped "{[/error],produces=[text/html]}" onto public org.springframework.web.servlet.ModelAndView org.springframework.boot.autoconfigure.web.BasicErrorController.errorHtml(javax.servlet.http.HttpServletRequest,javax.servlet.http.HttpServletResponse)
2018-05-25 18:51:10.091 [restartedMain] INFO  o.s.web.servlet.handler.SimpleUrlHandlerMapping - Mapped URL path [/webjars/**] onto handler of type [class org.springframework.web.servlet.resource.ResourceHttpRequestHandler]
2018-05-25 18:51:10.091 [restartedMain] INFO  o.s.web.servlet.handler.SimpleUrlHandlerMapping - Mapped URL path [/**] onto handler of type [class org.springframework.web.servlet.resource.ResourceHttpRequestHandler]
2018-05-25 18:51:10.162 [restartedMain] INFO  o.s.web.servlet.handler.SimpleUrlHandlerMapping - Mapped URL path [/**/favicon.ico] onto handler of type [class org.springframework.web.servlet.resource.ResourceHttpRequestHandler]
2018-05-25 18:51:10.930 [restartedMain] WARN  o.s.b.d.autoconfigure.OptionalLiveReloadServer - Unable to start LiveReload server
2018-05-25 18:51:11.070 [restartedMain] WARN  com.netflix.config.sources.URLConfigurationSource - No URLs will be polled as dynamic configuration sources.
2018-05-25 18:51:11.070 [restartedMain] INFO  com.netflix.config.sources.URLConfigurationSource - To enable URLs as dynamic configuration sources, define System property archaius.configurationSource.additionalUrls or make config.properties available on classpath.
2018-05-25 18:51:11.076 [restartedMain] WARN  com.netflix.config.sources.URLConfigurationSource - No URLs will be polled as dynamic configuration sources.
2018-05-25 18:51:11.076 [restartedMain] INFO  com.netflix.config.sources.URLConfigurationSource - To enable URLs as dynamic configuration sources, define System property archaius.configurationSource.additionalUrls or make config.properties available on classpath.
2018-05-25 18:51:11.300 [restartedMain] INFO  o.s.jmx.export.annotation.AnnotationMBeanExporter - Registering beans for JMX exposure on startup
2018-05-25 18:51:11.312 [restartedMain] INFO  o.s.jmx.export.annotation.AnnotationMBeanExporter - Bean with name 'environmentManager' has been autodetected for JMX exposure
2018-05-25 18:51:11.313 [restartedMain] INFO  o.s.jmx.export.annotation.AnnotationMBeanExporter - Bean with name 'configurationPropertiesRebinder' has been autodetected for JMX exposure
2018-05-25 18:51:11.314 [restartedMain] INFO  o.s.jmx.export.annotation.AnnotationMBeanExporter - Bean with name 'refreshScope' has been autodetected for JMX exposure
2018-05-25 18:51:11.316 [restartedMain] INFO  o.s.jmx.export.annotation.AnnotationMBeanExporter - Located managed bean 'environmentManager': registering with JMX server as MBean [org.springframework.cloud.context.environment:name=environmentManager,type=EnvironmentManager]
2018-05-25 18:51:11.329 [restartedMain] INFO  o.s.jmx.export.annotation.AnnotationMBeanExporter - Located managed bean 'refreshScope': registering with JMX server as MBean [org.springframework.cloud.context.scope.refresh:name=refreshScope,type=RefreshScope]
2018-05-25 18:51:11.347 [restartedMain] INFO  o.s.jmx.export.annotation.AnnotationMBeanExporter - Located managed bean 'configurationPropertiesRebinder': registering with JMX server as MBean [org.springframework.cloud.context.properties:name=configurationPropertiesRebinder,context=5835b907,type=ConfigurationPropertiesRebinder]
2018-05-25 18:51:11.482 [restartedMain] INFO  o.s.context.support.DefaultLifecycleProcessor - Starting beans in phase 0
2018-05-25 18:51:11.490 [restartedMain] INFO  o.s.cloud.netflix.eureka.InstanceInfoFactory - Setting initial instance status as: STARTING
2018-05-25 18:51:11.548 [restartedMain] INFO  com.netflix.discovery.DiscoveryClient - Initializing Eureka in region us-east-1
2018-05-25 18:51:11.548 [restartedMain] INFO  com.netflix.discovery.DiscoveryClient - Client configured to neither register nor query for data.
2018-05-25 18:51:11.554 [restartedMain] INFO  com.netflix.discovery.DiscoveryClient - Discovery Client initialized at timestamp 1527245471554 with initial instances count: 0
2018-05-25 18:51:11.593 [restartedMain] INFO  o.s.c.n.e.serviceregistry.EurekaServiceRegistry - Registering application mq-consumer-server with eureka with status UP
2018-05-25 18:51:11.612 [restartedMain] INFO  org.apache.coyote.http11.Http11NioProtocol - Initializing ProtocolHandler ["http-nio-8090"]
2018-05-25 18:51:11.620 [restartedMain] INFO  org.apache.coyote.http11.Http11NioProtocol - Starting ProtocolHandler ["http-nio-8090"]
2018-05-25 18:51:11.621 [restartedMain] INFO  org.apache.tomcat.util.net.NioSelectorPool - Using a shared selector for servlet write/read
2018-05-25 18:51:11.641 [restartedMain] INFO  o.s.b.c.e.tomcat.TomcatEmbeddedServletContainer - Tomcat started on port(s): 8090 (http)
2018-05-25 18:51:11.642 [restartedMain] INFO  o.s.c.n.e.s.EurekaAutoServiceRegistration - Updating port to 8090
2018-05-25 18:51:11.645 [restartedMain] INFO  com.dlw.study.MqProducerApplication - Started MqProducerApplication in 10.431 seconds (JVM running for 13.555)
